{"meta": {"format": 3, "version": "7.10.7", "timestamp": "2025-10-23T07:06:46.234330", "branch_coverage": false, "show_contexts": false}, "files": {"src\\__init__.py": {"executed_lines": [], "summary": {"covered_lines": 0, "num_statements": 0, "percent_covered": 100.0, "percent_covered_display": "100", "missing_lines": 0, "excluded_lines": 0}, "missing_lines": [], "excluded_lines": [], "functions": {"": {"executed_lines": [], "summary": {"covered_lines": 0, "num_statements": 0, "percent_covered": 100.0, "percent_covered_display": "100", "missing_lines": 0, "excluded_lines": 0}, "missing_lines": [], "excluded_lines": []}}, "classes": {"": {"executed_lines": [], "summary": {"covered_lines": 0, "num_statements": 0, "percent_covered": 100.0, "percent_covered_display": "100", "missing_lines": 0, "excluded_lines": 0}, "missing_lines": [], "excluded_lines": []}}}, "src\\jd_ingestion\\__init__.py": {"executed_lines": [1, 8, 9], "summary": {"covered_lines": 2, "num_statements": 2, "percent_covered": 100.0, "percent_covered_display": "100", "missing_lines": 0, "excluded_lines": 0}, "missing_lines": [], "excluded_lines": [], "functions": {"": {"executed_lines": [1, 8, 9], "summary": {"covered_lines": 2, "num_statements": 2, "percent_covered": 100.0, "percent_covered_display": "100", "missing_lines": 0, "excluded_lines": 0}, "missing_lines": [], "excluded_lines": []}}, "classes": {"": {"executed_lines": [1, 8, 9], "summary": {"covered_lines": 2, "num_statements": 2, "percent_covered": 100.0, "percent_covered_display": "100", "missing_lines": 0, "excluded_lines": 0}, "missing_lines": [], "excluded_lines": []}}}, "src\\jd_ingestion\\api\\__init__.py": {"executed_lines": [1], "summary": {"covered_lines": 0, "num_statements": 0, "percent_covered": 100.0, "percent_covered_display": "100", "missing_lines": 0, "excluded_lines": 0}, "missing_lines": [], "excluded_lines": [], "functions": {"": {"executed_lines": [1], "summary": {"covered_lines": 0, "num_statements": 0, "percent_covered": 100.0, "percent_covered_display": "100", "missing_lines": 0, "excluded_lines": 0}, "missing_lines": [], "excluded_lines": []}}, "classes": {"": {"executed_lines": [1], "summary": {"covered_lines": 0, "num_statements": 0, "percent_covered": 100.0, "percent_covered_display": "100", "missing_lines": 0, "excluded_lines": 0}, "missing_lines": [], "excluded_lines": []}}}, "src\\jd_ingestion\\api\\endpoints\\__init__.py": {"executed_lines": [1], "summary": {"covered_lines": 0, "num_statements": 0, "percent_covered": 100.0, "percent_covered_display": "100", "missing_lines": 0, "excluded_lines": 0}, "missing_lines": [], "excluded_lines": [], "functions": {"": {"executed_lines": [1], "summary": {"covered_lines": 0, "num_statements": 0, "percent_covered": 100.0, "percent_covered_display": "100", "missing_lines": 0, "excluded_lines": 0}, "missing_lines": [], "excluded_lines": []}}, "classes": {"": {"executed_lines": [1], "summary": {"covered_lines": 0, "num_statements": 0, "percent_covered": 100.0, "percent_covered_display": "100", "missing_lines": 0, "excluded_lines": 0}, "missing_lines": [], "excluded_lines": []}}}, "src\\jd_ingestion\\api\\endpoints\\ai_suggestions.py": {"executed_lines": [1, 12, 13, 14, 15, 16, 18, 19, 20, 22, 24, 27, 28, 30, 33, 36, 42, 43, 45, 46, 47, 48, 49, 50, 51, 52, 55, 56, 58, 59, 60, 63, 64, 66, 67, 73, 74, 76, 77, 78, 79, 80, 81, 84, 85, 87, 88, 89, 92, 93, 95, 96, 102, 103, 105, 106, 107, 108, 109, 110, 111, 114, 115, 117, 118, 119, 122, 123, 125, 128, 129, 134, 135, 137, 138, 139, 140, 141, 144, 145, 181, 182, 212, 213, 257, 258, 291, 292, 328, 329, 331, 334, 335, 337, 338, 339, 342, 343, 345, 346, 347, 348, 349, 350, 353, 354, 395, 396, 401, 402, 404, 405, 408, 409, 410, 415, 416, 418, 419, 420, 421, 424, 425, 427, 428, 432, 435, 436, 438, 439, 440, 441, 442, 445, 446, 448, 449, 450, 453, 454, 456, 457, 460, 461, 463, 464, 465, 468, 469, 505, 506], "summary": {"covered_lines": 129, "num_statements": 196, "percent_covered": 65.81632653061224, "percent_covered_display": "66", "missing_lines": 67, "excluded_lines": 0}, "missing_lines": [158, 159, 161, 162, 168, 170, 176, 177, 178, 194, 195, 196, 201, 207, 208, 209, 232, 233, 234, 240, 241, 244, 246, 252, 253, 254, 271, 272, 273, 278, 286, 287, 288, 304, 305, 306, 312, 320, 321, 322, 370, 371, 373, 374, 378, 379, 383, 385, 386, 387, 398, 482, 483, 484, 492, 496, 498, 499, 500, 519, 520, 521, 527, 531, 533, 534, 535], "excluded_lines": [], "functions": {"suggest_improvements": {"executed_lines": [], "summary": {"covered_lines": 0, "num_statements": 9, "percent_covered": 0.0, "percent_covered_display": "0", "missing_lines": 9, "excluded_lines": 0}, "missing_lines": [158, 159, 161, 162, 168, 170, 176, 177, 178], "excluded_lines": []}, "check_compliance": {"executed_lines": [], "summary": {"covered_lines": 0, "num_statements": 7, "percent_covered": 0.0, "percent_covered_display": "0", "missing_lines": 7, "excluded_lines": 0}, "missing_lines": [194, 195, 196, 201, 207, 208, 209], "excluded_lines": []}, "analyze_bias": {"executed_lines": [], "summary": {"covered_lines": 0, "num_statements": 10, "percent_covered": 0.0, "percent_covered_display": "0", "missing_lines": 10, "excluded_lines": 0}, "missing_lines": [232, 233, 234, 240, 241, 244, 246, 252, 253, 254], "excluded_lines": []}, "get_template": {"executed_lines": [], "summary": {"covered_lines": 0, "num_statements": 7, "percent_covered": 0.0, "percent_covered_display": "0", "missing_lines": 7, "excluded_lines": 0}, "missing_lines": [271, 272, 273, 278, 286, 287, 288], "excluded_lines": []}, "generate_custom_template": {"executed_lines": [], "summary": {"covered_lines": 0, "num_statements": 7, "percent_covered": 0.0, "percent_covered_display": "0", "missing_lines": 7, "excluded_lines": 0}, "missing_lines": [304, 305, 306, 312, 320, 321, 322], "excluded_lines": []}, "calculate_quality_score": {"executed_lines": [], "summary": {"covered_lines": 0, "num_statements": 10, "percent_covered": 0.0, "percent_covered_display": "0", "missing_lines": 10, "excluded_lines": 0}, "missing_lines": [370, 371, 373, 374, 378, 379, 383, 385, 386, 387], "excluded_lines": []}, "test_new_endpoint": {"executed_lines": [], "summary": {"covered_lines": 0, "num_statements": 1, "percent_covered": 0.0, "percent_covered_display": "0", "missing_lines": 1, "excluded_lines": 0}, "missing_lines": [398], "excluded_lines": []}, "complete_section": {"executed_lines": [], "summary": {"covered_lines": 0, "num_statements": 8, "percent_covered": 0.0, "percent_covered_display": "0", "missing_lines": 8, "excluded_lines": 0}, "missing_lines": [482, 483, 484, 492, 496, 498, 499, 500], "excluded_lines": []}, "get_inline_suggestions": {"executed_lines": [], "summary": {"covered_lines": 0, "num_statements": 8, "percent_covered": 0.0, "percent_covered_display": "0", "missing_lines": 8, "excluded_lines": 0}, "missing_lines": [519, 520, 521, 527, 531, 533, 534, 535], "excluded_lines": []}, "": {"executed_lines": [1, 12, 13, 14, 15, 16, 18, 19, 20, 22, 24, 27, 28, 30, 33, 36, 42, 43, 45, 46, 47, 48, 49, 50, 51, 52, 55, 56, 58, 59, 60, 63, 64, 66, 67, 73, 74, 76, 77, 78, 79, 80, 81, 84, 85, 87, 88, 89, 92, 93, 95, 96, 102, 103, 105, 106, 107, 108, 109, 110, 111, 114, 115, 117, 118, 119, 122, 123, 125, 128, 129, 134, 135, 137, 138, 139, 140, 141, 144, 145, 181, 182, 212, 213, 257, 258, 291, 292, 328, 329, 331, 334, 335, 337, 338, 339, 342, 343, 345, 346, 347, 348, 349, 350, 353, 354, 395, 396, 401, 402, 404, 405, 408, 409, 410, 415, 416, 418, 419, 420, 421, 424, 425, 427, 428, 432, 435, 436, 438, 439, 440, 441, 442, 445, 446, 448, 449, 450, 453, 454, 456, 457, 460, 461, 463, 464, 465, 468, 469, 505, 506], "summary": {"covered_lines": 129, "num_statements": 129, "percent_covered": 100.0, "percent_covered_display": "100", "missing_lines": 0, "excluded_lines": 0}, "missing_lines": [], "excluded_lines": []}}, "classes": {"TextSuggestionRequest": {"executed_lines": [], "summary": {"covered_lines": 0, "num_statements": 0, "percent_covered": 100.0, "percent_covered_display": "100", "missing_lines": 0, "excluded_lines": 0}, "missing_lines": [], "excluded_lines": []}, "Suggestion": {"executed_lines": [], "summary": {"covered_lines": 0, "num_statements": 0, "percent_covered": 100.0, "percent_covered_display": "100", "missing_lines": 0, "excluded_lines": 0}, "missing_lines": [], "excluded_lines": []}, "SuggestionsResponse": {"executed_lines": [], "summary": {"covered_lines": 0, "num_statements": 0, "percent_covered": 100.0, "percent_covered_display": "100", "missing_lines": 0, "excluded_lines": 0}, "missing_lines": [], "excluded_lines": []}, "ComplianceCheckRequest": {"executed_lines": [], "summary": {"covered_lines": 0, "num_statements": 0, "percent_covered": 100.0, "percent_covered_display": "100", "missing_lines": 0, "excluded_lines": 0}, "missing_lines": [], "excluded_lines": []}, "ComplianceIssue": {"executed_lines": [], "summary": {"covered_lines": 0, "num_statements": 0, "percent_covered": 100.0, "percent_covered_display": "100", "missing_lines": 0, "excluded_lines": 0}, "missing_lines": [], "excluded_lines": []}, "ComplianceResponse": {"executed_lines": [], "summary": {"covered_lines": 0, "num_statements": 0, "percent_covered": 100.0, "percent_covered_display": "100", "missing_lines": 0, "excluded_lines": 0}, "missing_lines": [], "excluded_lines": []}, "BiasAnalysisRequest": {"executed_lines": [], "summary": {"covered_lines": 0, "num_statements": 0, "percent_covered": 100.0, "percent_covered_display": "100", "missing_lines": 0, "excluded_lines": 0}, "missing_lines": [], "excluded_lines": []}, "BiasIssue": {"executed_lines": [], "summary": {"covered_lines": 0, "num_statements": 0, "percent_covered": 100.0, "percent_covered_display": "100", "missing_lines": 0, "excluded_lines": 0}, "missing_lines": [], "excluded_lines": []}, "BiasAnalysisResponse": {"executed_lines": [], "summary": {"covered_lines": 0, "num_statements": 0, "percent_covered": 100.0, "percent_covered_display": "100", "missing_lines": 0, "excluded_lines": 0}, "missing_lines": [], "excluded_lines": []}, "TemplateRequest": {"executed_lines": [], "summary": {"covered_lines": 0, "num_statements": 0, "percent_covered": 100.0, "percent_covered_display": "100", "missing_lines": 0, "excluded_lines": 0}, "missing_lines": [], "excluded_lines": []}, "TemplateResponse": {"executed_lines": [], "summary": {"covered_lines": 0, "num_statements": 0, "percent_covered": 100.0, "percent_covered_display": "100", "missing_lines": 0, "excluded_lines": 0}, "missing_lines": [], "excluded_lines": []}, "QualityScoreRequest": {"executed_lines": [], "summary": {"covered_lines": 0, "num_statements": 0, "percent_covered": 100.0, "percent_covered_display": "100", "missing_lines": 0, "excluded_lines": 0}, "missing_lines": [], "excluded_lines": []}, "QualityDimensionScore": {"executed_lines": [], "summary": {"covered_lines": 0, "num_statements": 0, "percent_covered": 100.0, "percent_covered_display": "100", "missing_lines": 0, "excluded_lines": 0}, "missing_lines": [], "excluded_lines": []}, "QualityScoreResponse": {"executed_lines": [], "summary": {"covered_lines": 0, "num_statements": 0, "percent_covered": 100.0, "percent_covered_display": "100", "missing_lines": 0, "excluded_lines": 0}, "missing_lines": [], "excluded_lines": []}, "SectionCompletionRequest": {"executed_lines": [], "summary": {"covered_lines": 0, "num_statements": 0, "percent_covered": 100.0, "percent_covered_display": "100", "missing_lines": 0, "excluded_lines": 0}, "missing_lines": [], "excluded_lines": []}, "SectionCompletionResponse": {"executed_lines": [], "summary": {"covered_lines": 0, "num_statements": 0, "percent_covered": 100.0, "percent_covered_display": "100", "missing_lines": 0, "excluded_lines": 0}, "missing_lines": [], "excluded_lines": []}, "ContentEnhancementRequest": {"executed_lines": [], "summary": {"covered_lines": 0, "num_statements": 0, "percent_covered": 100.0, "percent_covered_display": "100", "missing_lines": 0, "excluded_lines": 0}, "missing_lines": [], "excluded_lines": []}, "ContentEnhancementResponse": {"executed_lines": [], "summary": {"covered_lines": 0, "num_statements": 0, "percent_covered": 100.0, "percent_covered_display": "100", "missing_lines": 0, "excluded_lines": 0}, "missing_lines": [], "excluded_lines": []}, "InlineSuggestionsRequest": {"executed_lines": [], "summary": {"covered_lines": 0, "num_statements": 0, "percent_covered": 100.0, "percent_covered_display": "100", "missing_lines": 0, "excluded_lines": 0}, "missing_lines": [], "excluded_lines": []}, "InlineSuggestion": {"executed_lines": [], "summary": {"covered_lines": 0, "num_statements": 0, "percent_covered": 100.0, "percent_covered_display": "100", "missing_lines": 0, "excluded_lines": 0}, "missing_lines": [], "excluded_lines": []}, "InlineSuggestionsResponse": {"executed_lines": [], "summary": {"covered_lines": 0, "num_statements": 0, "percent_covered": 100.0, "percent_covered_display": "100", "missing_lines": 0, "excluded_lines": 0}, "missing_lines": [], "excluded_lines": []}, "": {"executed_lines": [1, 12, 13, 14, 15, 16, 18, 19, 20, 22, 24, 27, 28, 30, 33, 36, 42, 43, 45, 46, 47, 48, 49, 50, 51, 52, 55, 56, 58, 59, 60, 63, 64, 66, 67, 73, 74, 76, 77, 78, 79, 80, 81, 84, 85, 87, 88, 89, 92, 93, 95, 96, 102, 103, 105, 106, 107, 108, 109, 110, 111, 114, 115, 117, 118, 119, 122, 123, 125, 128, 129, 134, 135, 137, 138, 139, 140, 141, 144, 145, 181, 182, 212, 213, 257, 258, 291, 292, 328, 329, 331, 334, 335, 337, 338, 339, 342, 343, 345, 346, 347, 348, 349, 350, 353, 354, 395, 396, 401, 402, 404, 405, 408, 409, 410, 415, 416, 418, 419, 420, 421, 424, 425, 427, 428, 432, 435, 436, 438, 439, 440, 441, 442, 445, 446, 448, 449, 450, 453, 454, 456, 457, 460, 461, 463, 464, 465, 468, 469, 505, 506], "summary": {"covered_lines": 129, "num_statements": 196, "percent_covered": 65.81632653061224, "percent_covered_display": "66", "missing_lines": 67, "excluded_lines": 0}, "missing_lines": [158, 159, 161, 162, 168, 170, 176, 177, 178, 194, 195, 196, 201, 207, 208, 209, 232, 233, 234, 240, 241, 244, 246, 252, 253, 254, 271, 272, 273, 278, 286, 287, 288, 304, 305, 306, 312, 320, 321, 322, 370, 371, 373, 374, 378, 379, 383, 385, 386, 387, 398, 482, 483, 484, 492, 496, 498, 499, 500, 519, 520, 521, 527, 531, 533, 534, 535], "excluded_lines": []}}}, "src\\jd_ingestion\\api\\endpoints\\analysis.py": {"executed_lines": [1, 7, 8, 9, 10, 12, 13, 14, 16, 17, 20, 21, 22, 23, 27, 32, 33, 34, 37, 38, 41, 42, 43, 44, 49, 50, 62, 63, 68, 76, 83, 85, 86, 87, 88, 89, 92, 93, 102, 103, 109, 111, 112, 113, 114, 141, 142, 143, 146, 148, 154, 166, 167, 209, 210, 219, 220, 230, 232, 233, 234, 237, 238, 267, 268, 306, 307, 338, 339, 373, 374], "summary": {"covered_lines": 70, "num_statements": 134, "percent_covered": 52.23880597014925, "percent_covered_display": "52", "missing_lines": 64, "excluded_lines": 0}, "missing_lines": [64, 104, 123, 124, 131, 161, 162, 163, 181, 183, 184, 185, 187, 194, 200, 202, 203, 204, 205, 206, 228, 231, 249, 250, 254, 260, 262, 263, 264, 279, 280, 285, 286, 287, 288, 289, 290, 292, 299, 300, 301, 302, 303, 320, 321, 325, 331, 333, 334, 335, 351, 352, 359, 366, 368, 369, 370, 385, 386, 390, 396, 398, 399, 400], "excluded_lines": [], "functions": {"compare_jobs": {"executed_lines": [62, 63, 68, 76, 83, 85, 86, 87, 88, 89], "summary": {"covered_lines": 10, "num_statements": 11, "percent_covered": 90.9090909090909, "percent_covered_display": "91", "missing_lines": 1, "excluded_lines": 0}, "missing_lines": [64], "excluded_lines": []}, "batch_compare_jobs": {"executed_lines": [102, 103, 109, 111, 112, 113, 114, 141, 142, 143, 146, 148, 154], "summary": {"covered_lines": 13, "num_statements": 20, "percent_covered": 65.0, "percent_covered_display": "65", "missing_lines": 7, "excluded_lines": 0}, "missing_lines": [104, 123, 124, 131, 161, 162, 163], "excluded_lines": []}, "get_career_paths": {"executed_lines": [], "summary": {"covered_lines": 0, "num_statements": 12, "percent_covered": 0.0, "percent_covered_display": "0", "missing_lines": 12, "excluded_lines": 0}, "missing_lines": [181, 183, 184, 185, 187, 194, 200, 202, 203, 204, 205, 206], "excluded_lines": []}, "analyze_skill_gap": {"executed_lines": [219, 220, 230, 232, 233, 234], "summary": {"covered_lines": 6, "num_statements": 8, "percent_covered": 75.0, "percent_covered_display": "75", "missing_lines": 2, "excluded_lines": 0}, "missing_lines": [228, 231], "excluded_lines": []}, "get_classification_benchmark": {"executed_lines": [], "summary": {"covered_lines": 0, "num_statements": 7, "percent_covered": 0.0, "percent_covered_display": "0", "missing_lines": 7, "excluded_lines": 0}, "missing_lines": [249, 250, 254, 260, 262, 263, 264], "excluded_lines": []}, "extract_job_skills": {"executed_lines": [], "summary": {"covered_lines": 0, "num_statements": 14, "percent_covered": 0.0, "percent_covered_display": "0", "missing_lines": 14, "excluded_lines": 0}, "missing_lines": [279, 280, 285, 286, 287, 288, 289, 290, 292, 299, 300, 301, 302, 303], "excluded_lines": []}, "get_similar_salary_range": {"executed_lines": [], "summary": {"covered_lines": 0, "num_statements": 7, "percent_covered": 0.0, "percent_covered_display": "0", "missing_lines": 7, "excluded_lines": 0}, "missing_lines": [320, 321, 325, 331, 333, 334, 335], "excluded_lines": []}, "get_job_clusters": {"executed_lines": [], "summary": {"covered_lines": 0, "num_statements": 7, "percent_covered": 0.0, "percent_covered_display": "0", "missing_lines": 7, "excluded_lines": 0}, "missing_lines": [351, 352, 359, 366, 368, 369, 370], "excluded_lines": []}, "get_compensation_analysis": {"executed_lines": [], "summary": {"covered_lines": 0, "num_statements": 7, "percent_covered": 0.0, "percent_covered_display": "0", "missing_lines": 7, "excluded_lines": 0}, "missing_lines": [385, 386, 390, 396, 398, 399, 400], "excluded_lines": []}, "": {"executed_lines": [1, 7, 8, 9, 10, 12, 13, 14, 16, 17, 20, 21, 22, 23, 27, 32, 33, 34, 37, 38, 41, 42, 43, 44, 49, 50, 92, 93, 166, 167, 209, 210, 237, 238, 267, 268, 306, 307, 338, 339, 373, 374], "summary": {"covered_lines": 41, "num_statements": 41, "percent_covered": 100.0, "percent_covered_display": "100", "missing_lines": 0, "excluded_lines": 0}, "missing_lines": [], "excluded_lines": []}}, "classes": {"JobComparisonRequest": {"executed_lines": [], "summary": {"covered_lines": 0, "num_statements": 0, "percent_covered": 100.0, "percent_covered_display": "100", "missing_lines": 0, "excluded_lines": 0}, "missing_lines": [], "excluded_lines": []}, "BatchComparisonRequest": {"executed_lines": [], "summary": {"covered_lines": 0, "num_statements": 0, "percent_covered": 100.0, "percent_covered_display": "100", "missing_lines": 0, "excluded_lines": 0}, "missing_lines": [], "excluded_lines": []}, "SkillGapRequest": {"executed_lines": [], "summary": {"covered_lines": 0, "num_statements": 0, "percent_covered": 100.0, "percent_covered_display": "100", "missing_lines": 0, "excluded_lines": 0}, "missing_lines": [], "excluded_lines": []}, "": {"executed_lines": [1, 7, 8, 9, 10, 12, 13, 14, 16, 17, 20, 21, 22, 23, 27, 32, 33, 34, 37, 38, 41, 42, 43, 44, 49, 50, 62, 63, 68, 76, 83, 85, 86, 87, 88, 89, 92, 93, 102, 103, 109, 111, 112, 113, 114, 141, 142, 143, 146, 148, 154, 166, 167, 209, 210, 219, 220, 230, 232, 233, 234, 237, 238, 267, 268, 306, 307, 338, 339, 373, 374], "summary": {"covered_lines": 70, "num_statements": 134, "percent_covered": 52.23880597014925, "percent_covered_display": "52", "missing_lines": 64, "excluded_lines": 0}, "missing_lines": [64, 104, 123, 124, 131, 161, 162, 163, 181, 183, 184, 185, 187, 194, 200, 202, 203, 204, 205, 206, 228, 231, 249, 250, 254, 260, 262, 263, 264, 279, 280, 285, 286, 287, 288, 289, 290, 292, 299, 300, 301, 302, 303, 320, 321, 325, 331, 333, 334, 335, 351, 352, 359, 366, 368, 369, 370, 385, 386, 390, 396, 398, 399, 400], "excluded_lines": []}}}, "src\\jd_ingestion\\api\\endpoints\\analytics.py": {"executed_lines": [1, 5, 6, 7, 8, 9, 10, 12, 13, 14, 15, 16, 18, 19, 24, 25, 27, 28, 29, 30, 31, 32, 33, 34, 35, 36, 39, 40, 42, 43, 44, 45, 46, 47, 48, 49, 50, 51, 54, 55, 71, 73, 74, 77, 79, 96, 98, 99, 100, 105, 106, 119, 120, 134, 136, 137, 138, 143, 144, 162, 164, 165, 167, 168, 169, 170, 172, 176, 178, 179, 180, 181, 182, 183, 188, 189, 201, 202, 204, 206, 207, 208, 213, 214, 230, 231, 232, 234, 238, 240, 241, 249, 250, 266, 267, 268, 271, 272, 276, 282, 283, 284, 289, 290, 304, 305, 306, 308, 321, 322, 336, 337, 338, 340, 353, 354, 368, 369, 370, 372, 381, 382, 401, 403, 404, 408, 409, 410, 412, 417, 418, 419, 420, 421, 422, 423, 424, 426, 428, 431, 433, 447, 448, 464, 465, 467, 470, 477, 487, 488, 495, 497, 499, 506, 507, 515, 517, 520, 521, 522, 525, 526, 527, 530, 531, 534, 535, 537, 538, 539, 541, 542, 545, 598, 599, 601, 602, 603, 608, 609, 618, 620, 623, 631, 633, 651, 652, 657, 658, 662, 663, 668, 670, 671, 672, 677, 678, 683, 684, 686, 687, 692, 694, 695, 696, 699, 700, 708, 709, 713, 715, 716, 717, 720, 721, 723, 724, 727, 728, 737, 738, 745, 754, 755, 759, 761, 766, 769, 773, 799, 808, 812, 814, 817, 818, 819, 822, 832, 842, 843, 844, 846, 856, 862, 863, 881, 882, 883, 886, 912, 913, 914, 915, 916, 917, 922, 923, 964, 965, 975, 976, 977, 980, 1006, 1007, 1010, 1012, 1053, 1054, 1062, 1063, 1064, 1067, 1083, 1105, 1106, 1114, 1115, 1116, 1119], "summary": {"covered_lines": 276, "num_statements": 342, "percent_covered": 80.70175438596492, "percent_covered_display": "81", "missing_lines": 66, "excluded_lines": 0}, "missing_lines": [242, 243, 244, 314, 315, 316, 346, 347, 348, 374, 375, 376, 440, 441, 442, 479, 480, 481, 640, 641, 642, 747, 748, 751, 801, 802, 803, 815, 823, 833, 847, 848, 924, 927, 933, 934, 936, 957, 958, 959, 1013, 1016, 1017, 1019, 1048, 1049, 1050, 1084, 1086, 1100, 1101, 1102, 1120, 1123, 1126, 1129, 1134, 1137, 1138, 1141, 1146, 1151, 1153, 1169, 1170, 1171], "excluded_lines": [], "functions": {"track_activity": {"executed_lines": [71, 73, 74, 77, 79, 96, 98, 99, 100], "summary": {"covered_lines": 9, "num_statements": 9, "percent_covered": 100.0, "percent_covered_display": "100", "missing_lines": 0, "excluded_lines": 0}, "missing_lines": [], "excluded_lines": []}, "track_ai_usage": {"executed_lines": [119, 120, 134, 136, 137, 138], "summary": {"covered_lines": 6, "num_statements": 6, "percent_covered": 100.0, "percent_covered_display": "100", "missing_lines": 0, "excluded_lines": 0}, "missing_lines": [], "excluded_lines": []}, "get_usage_statistics": {"executed_lines": [162, 164, 165, 167, 168, 169, 170, 172, 176, 178, 179, 180, 181, 182, 183], "summary": {"covered_lines": 15, "num_statements": 15, "percent_covered": 100.0, "percent_covered_display": "100", "missing_lines": 0, "excluded_lines": 0}, "missing_lines": [], "excluded_lines": []}, "get_analytics_dashboard": {"executed_lines": [201, 202, 204, 206, 207, 208], "summary": {"covered_lines": 6, "num_statements": 6, "percent_covered": 100.0, "percent_covered_display": "100", "missing_lines": 0, "excluded_lines": 0}, "missing_lines": [], "excluded_lines": []}, "generate_system_metrics": {"executed_lines": [230, 231, 232, 234, 238, 240, 241], "summary": {"covered_lines": 7, "num_statements": 10, "percent_covered": 70.0, "percent_covered_display": "70", "missing_lines": 3, "excluded_lines": 0}, "missing_lines": [242, 243, 244], "excluded_lines": []}, "get_search_patterns": {"executed_lines": [266, 267, 268, 271, 272, 276, 282, 283, 284], "summary": {"covered_lines": 9, "num_statements": 9, "percent_covered": 100.0, "percent_covered_display": "100", "missing_lines": 0, "excluded_lines": 0}, "missing_lines": [], "excluded_lines": []}, "get_performance_metrics": {"executed_lines": [304, 305, 306, 308], "summary": {"covered_lines": 4, "num_statements": 7, "percent_covered": 57.142857142857146, "percent_covered_display": "57", "missing_lines": 3, "excluded_lines": 0}, "missing_lines": [314, 315, 316], "excluded_lines": []}, "get_performance_summary": {"executed_lines": [336, 337, 338, 340], "summary": {"covered_lines": 4, "num_statements": 7, "percent_covered": 57.142857142857146, "percent_covered_display": "57", "missing_lines": 3, "excluded_lines": 0}, "missing_lines": [346, 347, 348], "excluded_lines": []}, "get_ai_usage_analysis": {"executed_lines": [368, 369, 370, 372], "summary": {"covered_lines": 4, "num_statements": 7, "percent_covered": 57.142857142857146, "percent_covered_display": "57", "missing_lines": 3, "excluded_lines": 0}, "missing_lines": [374, 375, 376], "excluded_lines": []}, "get_usage_trends": {"executed_lines": [401, 403, 404, 408, 409, 410, 412, 417, 418, 419, 420, 421, 422, 423, 424, 426, 428, 431, 433], "summary": {"covered_lines": 19, "num_statements": 22, "percent_covered": 86.36363636363636, "percent_covered_display": "86", "missing_lines": 3, "excluded_lines": 0}, "missing_lines": [440, 441, 442], "excluded_lines": []}, "export_analytics_data": {"executed_lines": [464, 465, 467, 470, 477], "summary": {"covered_lines": 5, "num_statements": 8, "percent_covered": 62.5, "percent_covered_display": "62", "missing_lines": 3, "excluded_lines": 0}, "missing_lines": [479, 480, 481], "excluded_lines": []}, "generate_session_id": {"executed_lines": [495, 497, 499], "summary": {"covered_lines": 3, "num_statements": 3, "percent_covered": 100.0, "percent_covered_display": "100", "missing_lines": 0, "excluded_lines": 0}, "missing_lines": [], "excluded_lines": []}, "get_error_metrics": {"executed_lines": [515, 517, 520, 521, 522, 525, 526, 527, 530, 531, 534, 535, 537, 538, 539, 541, 542, 545, 598, 599, 601, 602, 603], "summary": {"covered_lines": 23, "num_statements": 23, "percent_covered": 100.0, "percent_covered_display": "100", "missing_lines": 0, "excluded_lines": 0}, "missing_lines": [], "excluded_lines": []}, "reset_error_metrics": {"executed_lines": [618, 620, 623, 631, 633], "summary": {"covered_lines": 5, "num_statements": 8, "percent_covered": 62.5, "percent_covered_display": "62", "missing_lines": 3, "excluded_lines": 0}, "missing_lines": [640, 641, 642], "excluded_lines": []}, "get_search_performance": {"executed_lines": [657, 658, 662, 663, 668, 670, 671, 672], "summary": {"covered_lines": 8, "num_statements": 8, "percent_covered": 100.0, "percent_covered_display": "100", "missing_lines": 0, "excluded_lines": 0}, "missing_lines": [], "excluded_lines": []}, "get_search_trends": {"executed_lines": [683, 684, 686, 687, 692, 694, 695, 696], "summary": {"covered_lines": 8, "num_statements": 8, "percent_covered": 100.0, "percent_covered_display": "100", "missing_lines": 0, "excluded_lines": 0}, "missing_lines": [], "excluded_lines": []}, "get_slow_queries": {"executed_lines": [708, 709, 713, 715, 716, 717], "summary": {"covered_lines": 6, "num_statements": 6, "percent_covered": 100.0, "percent_covered_display": "100", "missing_lines": 0, "excluded_lines": 0}, "missing_lines": [], "excluded_lines": []}, "record_search_feedback": {"executed_lines": [737, 738, 745], "summary": {"covered_lines": 3, "num_statements": 6, "percent_covered": 50.0, "percent_covered_display": "50", "missing_lines": 3, "excluded_lines": 0}, "missing_lines": [747, 748, 751], "excluded_lines": []}, "get_search_analytics_dashboard": {"executed_lines": [759, 761, 766, 769, 773, 799], "summary": {"covered_lines": 6, "num_statements": 9, "percent_covered": 66.66666666666667, "percent_covered_display": "67", "missing_lines": 3, "excluded_lines": 0}, "missing_lines": [801, 802, 803], "excluded_lines": []}, "_generate_search_performance_alerts": {"executed_lines": [812, 814, 817, 818, 819, 822, 832, 842, 843, 844, 846, 856], "summary": {"covered_lines": 12, "num_statements": 17, "percent_covered": 70.58823529411765, "percent_covered_display": "71", "missing_lines": 5, "excluded_lines": 0}, "missing_lines": [815, 823, 833, 847, 848], "excluded_lines": []}, "get_skills_inventory": {"executed_lines": [881, 882, 883, 886, 912, 913, 914, 915, 916, 917, 922, 923], "summary": {"covered_lines": 12, "num_statements": 20, "percent_covered": 60.0, "percent_covered_display": "60", "missing_lines": 8, "excluded_lines": 0}, "missing_lines": [924, 927, 933, 934, 936, 957, 958, 959], "excluded_lines": []}, "get_top_skills": {"executed_lines": [975, 976, 977, 980, 1006, 1007, 1010, 1012], "summary": {"covered_lines": 8, "num_statements": 15, "percent_covered": 53.333333333333336, "percent_covered_display": "53", "missing_lines": 7, "excluded_lines": 0}, "missing_lines": [1013, 1016, 1017, 1019, 1048, 1049, 1050], "excluded_lines": []}, "get_skill_types": {"executed_lines": [1062, 1063, 1064, 1067, 1083], "summary": {"covered_lines": 5, "num_statements": 10, "percent_covered": 50.0, "percent_covered_display": "50", "missing_lines": 5, "excluded_lines": 0}, "missing_lines": [1084, 1086, 1100, 1101, 1102], "excluded_lines": []}, "get_skills_statistics": {"executed_lines": [1114, 1115, 1116, 1119], "summary": {"covered_lines": 4, "num_statements": 18, "percent_covered": 22.22222222222222, "percent_covered_display": "22", "missing_lines": 14, "excluded_lines": 0}, "missing_lines": [1120, 1123, 1126, 1129, 1134, 1137, 1138, 1141, 1146, 1151, 1153, 1169, 1170, 1171], "excluded_lines": []}, "": {"executed_lines": [1, 5, 6, 7, 8, 9, 10, 12, 13, 14, 15, 16, 18, 19, 24, 25, 27, 28, 29, 30, 31, 32, 33, 34, 35, 36, 39, 40, 42, 43, 44, 45, 46, 47, 48, 49, 50, 51, 54, 55, 105, 106, 143, 144, 188, 189, 213, 214, 249, 250, 289, 290, 321, 322, 353, 354, 381, 382, 447, 448, 487, 488, 506, 507, 608, 609, 651, 652, 677, 678, 699, 700, 720, 721, 723, 724, 727, 728, 754, 755, 808, 862, 863, 964, 965, 1053, 1054, 1105, 1106], "summary": {"covered_lines": 85, "num_statements": 85, "percent_covered": 100.0, "percent_covered_display": "100", "missing_lines": 0, "excluded_lines": 0}, "missing_lines": [], "excluded_lines": []}}, "classes": {"ActivityTrackingRequest": {"executed_lines": [], "summary": {"covered_lines": 0, "num_statements": 0, "percent_covered": 100.0, "percent_covered_display": "100", "missing_lines": 0, "excluded_lines": 0}, "missing_lines": [], "excluded_lines": []}, "AIUsageTrackingRequest": {"executed_lines": [], "summary": {"covered_lines": 0, "num_statements": 0, "percent_covered": 100.0, "percent_covered_display": "100", "missing_lines": 0, "excluded_lines": 0}, "missing_lines": [], "excluded_lines": []}, "SearchFeedbackRequest": {"executed_lines": [], "summary": {"covered_lines": 0, "num_statements": 0, "percent_covered": 100.0, "percent_covered_display": "100", "missing_lines": 0, "excluded_lines": 0}, "missing_lines": [], "excluded_lines": []}, "": {"executed_lines": [1, 5, 6, 7, 8, 9, 10, 12, 13, 14, 15, 16, 18, 19, 24, 25, 27, 28, 29, 30, 31, 32, 33, 34, 35, 36, 39, 40, 42, 43, 44, 45, 46, 47, 48, 49, 50, 51, 54, 55, 71, 73, 74, 77, 79, 96, 98, 99, 100, 105, 106, 119, 120, 134, 136, 137, 138, 143, 144, 162, 164, 165, 167, 168, 169, 170, 172, 176, 178, 179, 180, 181, 182, 183, 188, 189, 201, 202, 204, 206, 207, 208, 213, 214, 230, 231, 232, 234, 238, 240, 241, 249, 250, 266, 267, 268, 271, 272, 276, 282, 283, 284, 289, 290, 304, 305, 306, 308, 321, 322, 336, 337, 338, 340, 353, 354, 368, 369, 370, 372, 381, 382, 401, 403, 404, 408, 409, 410, 412, 417, 418, 419, 420, 421, 422, 423, 424, 426, 428, 431, 433, 447, 448, 464, 465, 467, 470, 477, 487, 488, 495, 497, 499, 506, 507, 515, 517, 520, 521, 522, 525, 526, 527, 530, 531, 534, 535, 537, 538, 539, 541, 542, 545, 598, 599, 601, 602, 603, 608, 609, 618, 620, 623, 631, 633, 651, 652, 657, 658, 662, 663, 668, 670, 671, 672, 677, 678, 683, 684, 686, 687, 692, 694, 695, 696, 699, 700, 708, 709, 713, 715, 716, 717, 720, 721, 723, 724, 727, 728, 737, 738, 745, 754, 755, 759, 761, 766, 769, 773, 799, 808, 812, 814, 817, 818, 819, 822, 832, 842, 843, 844, 846, 856, 862, 863, 881, 882, 883, 886, 912, 913, 914, 915, 916, 917, 922, 923, 964, 965, 975, 976, 977, 980, 1006, 1007, 1010, 1012, 1053, 1054, 1062, 1063, 1064, 1067, 1083, 1105, 1106, 1114, 1115, 1116, 1119], "summary": {"covered_lines": 276, "num_statements": 342, "percent_covered": 80.70175438596492, "percent_covered_display": "81", "missing_lines": 66, "excluded_lines": 0}, "missing_lines": [242, 243, 244, 314, 315, 316, 346, 347, 348, 374, 375, 376, 440, 441, 442, 479, 480, 481, 640, 641, 642, 747, 748, 751, 801, 802, 803, 815, 823, 833, 847, 848, 924, 927, 933, 934, 936, 957, 958, 959, 1013, 1016, 1017, 1019, 1048, 1049, 1050, 1084, 1086, 1100, 1101, 1102, 1120, 1123, 1126, 1129, 1134, 1137, 1138, 1141, 1146, 1151, 1153, 1169, 1170, 1171], "excluded_lines": []}}}, "src\\jd_ingestion\\api\\endpoints\\auth.py": {"executed_lines": [1, 8, 9, 10, 11, 12, 14, 21, 27, 28, 30, 32, 36, 37, 38, 39, 40, 41, 42, 43, 44, 45, 48, 49, 50, 51, 52, 53, 54, 55, 56, 57, 58, 59, 60, 62, 63, 80, 81, 82, 83, 84, 87, 88, 89, 92, 93, 94, 95, 96, 97, 100, 101, 102, 105, 108, 119, 120, 139, 140, 195, 196, 209, 210, 215, 216, 238, 239, 259, 260, 269, 270, 287, 288, 304, 305, 321, 322, 330, 331], "summary": {"covered_lines": 79, "num_statements": 132, "percent_covered": 59.84848484848485, "percent_covered_display": "60", "missing_lines": 53, "excluded_lines": 0}, "missing_lines": [64, 132, 133, 135, 136, 153, 156, 157, 158, 159, 163, 164, 171, 172, 178, 179, 181, 185, 187, 205, 206, 212, 222, 224, 225, 226, 227, 231, 232, 234, 235, 245, 249, 250, 255, 256, 265, 266, 276, 280, 294, 296, 297, 301, 311, 313, 314, 318, 324, 325, 327, 336, 337], "excluded_lines": [], "functions": {"UserResponse.from_user": {"executed_lines": [], "summary": {"covered_lines": 0, "num_statements": 1, "percent_covered": 0.0, "percent_covered_display": "0", "missing_lines": 1, "excluded_lines": 0}, "missing_lines": [64], "excluded_lines": []}, "register_user": {"executed_lines": [119, 120], "summary": {"covered_lines": 2, "num_statements": 6, "percent_covered": 33.333333333333336, "percent_covered_display": "33", "missing_lines": 4, "excluded_lines": 0}, "missing_lines": [132, 133, 135, 136], "excluded_lines": []}, "login_user": {"executed_lines": [], "summary": {"covered_lines": 0, "num_statements": 14, "percent_covered": 0.0, "percent_covered_display": "0", "missing_lines": 14, "excluded_lines": 0}, "missing_lines": [153, 156, 157, 158, 159, 163, 164, 171, 172, 178, 179, 181, 185, 187], "excluded_lines": []}, "logout_user": {"executed_lines": [], "summary": {"covered_lines": 0, "num_statements": 2, "percent_covered": 0.0, "percent_covered_display": "0", "missing_lines": 2, "excluded_lines": 0}, "missing_lines": [205, 206], "excluded_lines": []}, "get_current_user_info": {"executed_lines": [], "summary": {"covered_lines": 0, "num_statements": 1, "percent_covered": 0.0, "percent_covered_display": "0", "missing_lines": 1, "excluded_lines": 0}, "missing_lines": [212], "excluded_lines": []}, "update_current_user": {"executed_lines": [], "summary": {"covered_lines": 0, "num_statements": 9, "percent_covered": 0.0, "percent_covered_display": "0", "missing_lines": 9, "excluded_lines": 0}, "missing_lines": [222, 224, 225, 226, 227, 231, 232, 234, 235], "excluded_lines": []}, "change_password": {"executed_lines": [], "summary": {"covered_lines": 0, "num_statements": 5, "percent_covered": 0.0, "percent_covered_display": "0", "missing_lines": 5, "excluded_lines": 0}, "missing_lines": [245, 249, 250, 255, 256], "excluded_lines": []}, "get_user_preferences": {"executed_lines": [], "summary": {"covered_lines": 0, "num_statements": 2, "percent_covered": 0.0, "percent_covered_display": "0", "missing_lines": 2, "excluded_lines": 0}, "missing_lines": [265, 266], "excluded_lines": []}, "set_user_preference": {"executed_lines": [], "summary": {"covered_lines": 0, "num_statements": 2, "percent_covered": 0.0, "percent_covered_display": "0", "missing_lines": 2, "excluded_lines": 0}, "missing_lines": [276, 280], "excluded_lines": []}, "get_user_preference": {"executed_lines": [], "summary": {"covered_lines": 0, "num_statements": 4, "percent_covered": 0.0, "percent_covered_display": "0", "missing_lines": 4, "excluded_lines": 0}, "missing_lines": [294, 296, 297, 301], "excluded_lines": []}, "delete_user_preference": {"executed_lines": [], "summary": {"covered_lines": 0, "num_statements": 4, "percent_covered": 0.0, "percent_covered_display": "0", "missing_lines": 4, "excluded_lines": 0}, "missing_lines": [311, 313, 314, 318], "excluded_lines": []}, "auth_status": {"executed_lines": [], "summary": {"covered_lines": 0, "num_statements": 3, "percent_covered": 0.0, "percent_covered_display": "0", "missing_lines": 3, "excluded_lines": 0}, "missing_lines": [324, 325, 327], "excluded_lines": []}, "cleanup_expired_sessions": {"executed_lines": [], "summary": {"covered_lines": 0, "num_statements": 2, "percent_covered": 0.0, "percent_covered_display": "0", "missing_lines": 2, "excluded_lines": 0}, "missing_lines": [336, 337], "excluded_lines": []}, "": {"executed_lines": [1, 8, 9, 10, 11, 12, 14, 21, 27, 28, 30, 32, 36, 37, 38, 39, 40, 41, 42, 43, 44, 45, 48, 49, 50, 51, 52, 53, 54, 55, 56, 57, 58, 59, 60, 62, 63, 80, 81, 82, 83, 84, 87, 88, 89, 92, 93, 94, 95, 96, 97, 100, 101, 102, 105, 108, 139, 140, 195, 196, 209, 210, 215, 216, 238, 239, 259, 260, 269, 270, 287, 288, 304, 305, 321, 322, 330, 331], "summary": {"covered_lines": 77, "num_statements": 77, "percent_covered": 100.0, "percent_covered_display": "100", "missing_lines": 0, "excluded_lines": 0}, "missing_lines": [], "excluded_lines": []}}, "classes": {"UserCreate": {"executed_lines": [], "summary": {"covered_lines": 0, "num_statements": 0, "percent_covered": 100.0, "percent_covered_display": "100", "missing_lines": 0, "excluded_lines": 0}, "missing_lines": [], "excluded_lines": []}, "UserResponse": {"executed_lines": [], "summary": {"covered_lines": 0, "num_statements": 1, "percent_covered": 0.0, "percent_covered_display": "0", "missing_lines": 1, "excluded_lines": 0}, "missing_lines": [64], "excluded_lines": []}, "TokenResponse": {"executed_lines": [], "summary": {"covered_lines": 0, "num_statements": 0, "percent_covered": 100.0, "percent_covered_display": "100", "missing_lines": 0, "excluded_lines": 0}, "missing_lines": [], "excluded_lines": []}, "PasswordChangeRequest": {"executed_lines": [], "summary": {"covered_lines": 0, "num_statements": 0, "percent_covered": 100.0, "percent_covered_display": "100", "missing_lines": 0, "excluded_lines": 0}, "missing_lines": [], "excluded_lines": []}, "UserUpdateRequest": {"executed_lines": [], "summary": {"covered_lines": 0, "num_statements": 0, "percent_covered": 100.0, "percent_covered_display": "100", "missing_lines": 0, "excluded_lines": 0}, "missing_lines": [], "excluded_lines": []}, "PreferenceRequest": {"executed_lines": [], "summary": {"covered_lines": 0, "num_statements": 0, "percent_covered": 100.0, "percent_covered_display": "100", "missing_lines": 0, "excluded_lines": 0}, "missing_lines": [], "excluded_lines": []}, "": {"executed_lines": [1, 8, 9, 10, 11, 12, 14, 21, 27, 28, 30, 32, 36, 37, 38, 39, 40, 41, 42, 43, 44, 45, 48, 49, 50, 51, 52, 53, 54, 55, 56, 57, 58, 59, 60, 62, 63, 80, 81, 82, 83, 84, 87, 88, 89, 92, 93, 94, 95, 96, 97, 100, 101, 102, 105, 108, 119, 120, 139, 140, 195, 196, 209, 210, 215, 216, 238, 239, 259, 260, 269, 270, 287, 288, 304, 305, 321, 322, 330, 331], "summary": {"covered_lines": 79, "num_statements": 131, "percent_covered": 60.30534351145038, "percent_covered_display": "60", "missing_lines": 52, "excluded_lines": 0}, "missing_lines": [132, 133, 135, 136, 153, 156, 157, 158, 159, 163, 164, 171, 172, 178, 179, 181, 185, 187, 205, 206, 212, 222, 224, 225, 226, 227, 231, 232, 234, 235, 245, 249, 250, 255, 256, 265, 266, 276, 280, 294, 296, 297, 301, 311, 313, 314, 318, 324, 325, 327, 336, 337], "excluded_lines": []}}}, "src\\jd_ingestion\\api\\endpoints\\bilingual_documents.py": {"executed_lines": [1, 7, 8, 9, 10, 11, 13, 14, 16, 18, 21, 25, 26, 27, 28, 29, 32, 33, 34, 37, 38, 39, 42, 43, 46, 47, 75, 76, 123, 124, 169, 170, 213, 214, 251, 252, 284, 285], "summary": {"covered_lines": 37, "num_statements": 92, "percent_covered": 40.21739130434783, "percent_covered_display": "40", "missing_lines": 55, "excluded_lines": 0}, "missing_lines": [61, 62, 63, 67, 68, 69, 98, 99, 100, 105, 109, 113, 114, 115, 116, 117, 144, 145, 146, 151, 155, 159, 160, 161, 162, 163, 188, 189, 190, 195, 199, 203, 204, 205, 206, 207, 232, 233, 235, 239, 243, 244, 245, 268, 269, 271, 276, 277, 278, 299, 300, 304, 308, 309, 310], "excluded_lines": [], "functions": {"get_bilingual_document": {"executed_lines": [], "summary": {"covered_lines": 0, "num_statements": 6, "percent_covered": 0.0, "percent_covered_display": "0", "missing_lines": 6, "excluded_lines": 0}, "missing_lines": [61, 62, 63, 67, 68, 69], "excluded_lines": []}, "update_segment": {"executed_lines": [], "summary": {"covered_lines": 0, "num_statements": 10, "percent_covered": 0.0, "percent_covered_display": "0", "missing_lines": 10, "excluded_lines": 0}, "missing_lines": [98, 99, 100, 105, 109, 113, 114, 115, 116, 117], "excluded_lines": []}, "update_segment_status": {"executed_lines": [], "summary": {"covered_lines": 0, "num_statements": 10, "percent_covered": 0.0, "percent_covered_display": "0", "missing_lines": 10, "excluded_lines": 0}, "missing_lines": [144, 145, 146, 151, 155, 159, 160, 161, 162, 163], "excluded_lines": []}, "batch_update_status": {"executed_lines": [], "summary": {"covered_lines": 0, "num_statements": 10, "percent_covered": 0.0, "percent_covered_display": "0", "missing_lines": 10, "excluded_lines": 0}, "missing_lines": [188, 189, 190, 195, 199, 203, 204, 205, 206, 207], "excluded_lines": []}, "save_bilingual_document": {"executed_lines": [], "summary": {"covered_lines": 0, "num_statements": 7, "percent_covered": 0.0, "percent_covered_display": "0", "missing_lines": 7, "excluded_lines": 0}, "missing_lines": [232, 233, 235, 239, 243, 244, 245], "excluded_lines": []}, "get_translation_history": {"executed_lines": [], "summary": {"covered_lines": 0, "num_statements": 6, "percent_covered": 0.0, "percent_covered_display": "0", "missing_lines": 6, "excluded_lines": 0}, "missing_lines": [268, 269, 271, 276, 277, 278], "excluded_lines": []}, "get_document_completeness": {"executed_lines": [], "summary": {"covered_lines": 0, "num_statements": 6, "percent_covered": 0.0, "percent_covered_display": "0", "missing_lines": 6, "excluded_lines": 0}, "missing_lines": [299, 300, 304, 308, 309, 310], "excluded_lines": []}, "": {"executed_lines": [1, 7, 8, 9, 10, 11, 13, 14, 16, 18, 21, 25, 26, 27, 28, 29, 32, 33, 34, 37, 38, 39, 42, 43, 46, 47, 75, 76, 123, 124, 169, 170, 213, 214, 251, 252, 284, 285], "summary": {"covered_lines": 37, "num_statements": 37, "percent_covered": 100.0, "percent_covered_display": "100", "missing_lines": 0, "excluded_lines": 0}, "missing_lines": [], "excluded_lines": []}}, "classes": {"SegmentUpdate": {"executed_lines": [], "summary": {"covered_lines": 0, "num_statements": 0, "percent_covered": 100.0, "percent_covered_display": "100", "missing_lines": 0, "excluded_lines": 0}, "missing_lines": [], "excluded_lines": []}, "SegmentStatusUpdate": {"executed_lines": [], "summary": {"covered_lines": 0, "num_statements": 0, "percent_covered": 100.0, "percent_covered_display": "100", "missing_lines": 0, "excluded_lines": 0}, "missing_lines": [], "excluded_lines": []}, "BatchStatusUpdate": {"executed_lines": [], "summary": {"covered_lines": 0, "num_statements": 0, "percent_covered": 100.0, "percent_covered_display": "100", "missing_lines": 0, "excluded_lines": 0}, "missing_lines": [], "excluded_lines": []}, "DocumentSaveRequest": {"executed_lines": [], "summary": {"covered_lines": 0, "num_statements": 0, "percent_covered": 100.0, "percent_covered_display": "100", "missing_lines": 0, "excluded_lines": 0}, "missing_lines": [], "excluded_lines": []}, "": {"executed_lines": [1, 7, 8, 9, 10, 11, 13, 14, 16, 18, 21, 25, 26, 27, 28, 29, 32, 33, 34, 37, 38, 39, 42, 43, 46, 47, 75, 76, 123, 124, 169, 170, 213, 214, 251, 252, 284, 285], "summary": {"covered_lines": 37, "num_statements": 92, "percent_covered": 40.21739130434783, "percent_covered_display": "40", "missing_lines": 55, "excluded_lines": 0}, "missing_lines": [61, 62, 63, 67, 68, 69, 98, 99, 100, 105, 109, 113, 114, 115, 116, 117, 144, 145, 146, 151, 155, 159, 160, 161, 162, 163, 188, 189, 190, 195, 199, 203, 204, 205, 206, 207, 232, 233, 235, 239, 243, 244, 245, 268, 269, 271, 276, 277, 278, 299, 300, 304, 308, 309, 310], "excluded_lines": []}}}, "src\\jd_ingestion\\api\\endpoints\\content_generation.py": {"executed_lines": [1, 10, 11, 12, 13, 15, 16, 17, 19, 21, 27, 28, 30, 31, 34, 35, 36, 41, 42, 44, 45, 46, 47, 50, 51, 53, 54, 58, 61, 62, 64, 65, 66, 67, 68, 71, 72, 74, 75, 76, 79, 80, 82, 83, 86, 87, 89, 90, 91, 97, 98, 134, 135, 170, 171, 173, 174, 179, 180, 203, 204, 206, 207, 212, 213, 236, 237, 239, 244, 245, 267, 268, 270, 273, 274, 296, 297], "summary": {"covered_lines": 65, "num_statements": 117, "percent_covered": 55.55555555555556, "percent_covered_display": "56", "missing_lines": 52, "excluded_lines": 0}, "missing_lines": [111, 112, 113, 121, 125, 127, 128, 129, 149, 150, 151, 157, 161, 163, 164, 165, 187, 188, 189, 194, 196, 197, 198, 220, 221, 222, 227, 229, 230, 231, 252, 253, 254, 258, 260, 261, 262, 281, 282, 283, 287, 289, 290, 291, 310, 311, 312, 318, 322, 324, 325, 326], "excluded_lines": [], "functions": {"complete_section": {"executed_lines": [], "summary": {"covered_lines": 0, "num_statements": 8, "percent_covered": 0.0, "percent_covered_display": "0", "missing_lines": 8, "excluded_lines": 0}, "missing_lines": [111, 112, 113, 121, 125, 127, 128, 129], "excluded_lines": []}, "enhance_content": {"executed_lines": [], "summary": {"covered_lines": 0, "num_statements": 8, "percent_covered": 0.0, "percent_covered_display": "0", "missing_lines": 8, "excluded_lines": 0}, "missing_lines": [149, 150, 151, 157, 161, 163, 164, 165], "excluded_lines": []}, "save_improved_content": {"executed_lines": [], "summary": {"covered_lines": 0, "num_statements": 7, "percent_covered": 0.0, "percent_covered_display": "0", "missing_lines": 7, "excluded_lines": 0}, "missing_lines": [187, 188, 189, 194, 196, 197, 198], "excluded_lines": []}, "translate_content": {"executed_lines": [], "summary": {"covered_lines": 0, "num_statements": 7, "percent_covered": 0.0, "percent_covered_display": "0", "missing_lines": 7, "excluded_lines": 0}, "missing_lines": [220, 221, 222, 227, 229, 230, 231], "excluded_lines": []}, "generate_job_posting": {"executed_lines": [], "summary": {"covered_lines": 0, "num_statements": 7, "percent_covered": 0.0, "percent_covered_display": "0", "missing_lines": 7, "excluded_lines": 0}, "missing_lines": [252, 253, 254, 258, 260, 261, 262], "excluded_lines": []}, "run_predictive_analysis": {"executed_lines": [], "summary": {"covered_lines": 0, "num_statements": 7, "percent_covered": 0.0, "percent_covered_display": "0", "missing_lines": 7, "excluded_lines": 0}, "missing_lines": [281, 282, 283, 287, 289, 290, 291], "excluded_lines": []}, "get_inline_suggestions": {"executed_lines": [], "summary": {"covered_lines": 0, "num_statements": 8, "percent_covered": 0.0, "percent_covered_display": "0", "missing_lines": 8, "excluded_lines": 0}, "missing_lines": [310, 311, 312, 318, 322, 324, 325, 326], "excluded_lines": []}, "": {"executed_lines": [1, 10, 11, 12, 13, 15, 16, 17, 19, 21, 27, 28, 30, 31, 34, 35, 36, 41, 42, 44, 45, 46, 47, 50, 51, 53, 54, 58, 61, 62, 64, 65, 66, 67, 68, 71, 72, 74, 75, 76, 79, 80, 82, 83, 86, 87, 89, 90, 91, 97, 98, 134, 135, 170, 171, 173, 174, 179, 180, 203, 204, 206, 207, 212, 213, 236, 237, 239, 244, 245, 267, 268, 270, 273, 274, 296, 297], "summary": {"covered_lines": 65, "num_statements": 65, "percent_covered": 100.0, "percent_covered_display": "100", "missing_lines": 0, "excluded_lines": 0}, "missing_lines": [], "excluded_lines": []}}, "classes": {"SectionCompletionRequest": {"executed_lines": [], "summary": {"covered_lines": 0, "num_statements": 0, "percent_covered": 100.0, "percent_covered_display": "100", "missing_lines": 0, "excluded_lines": 0}, "missing_lines": [], "excluded_lines": []}, "SectionCompletionResponse": {"executed_lines": [], "summary": {"covered_lines": 0, "num_statements": 0, "percent_covered": 100.0, "percent_covered_display": "100", "missing_lines": 0, "excluded_lines": 0}, "missing_lines": [], "excluded_lines": []}, "ContentEnhancementRequest": {"executed_lines": [], "summary": {"covered_lines": 0, "num_statements": 0, "percent_covered": 100.0, "percent_covered_display": "100", "missing_lines": 0, "excluded_lines": 0}, "missing_lines": [], "excluded_lines": []}, "ContentEnhancementResponse": {"executed_lines": [], "summary": {"covered_lines": 0, "num_statements": 0, "percent_covered": 100.0, "percent_covered_display": "100", "missing_lines": 0, "excluded_lines": 0}, "missing_lines": [], "excluded_lines": []}, "InlineSuggestionsRequest": {"executed_lines": [], "summary": {"covered_lines": 0, "num_statements": 0, "percent_covered": 100.0, "percent_covered_display": "100", "missing_lines": 0, "excluded_lines": 0}, "missing_lines": [], "excluded_lines": []}, "InlineSuggestion": {"executed_lines": [], "summary": {"covered_lines": 0, "num_statements": 0, "percent_covered": 100.0, "percent_covered_display": "100", "missing_lines": 0, "excluded_lines": 0}, "missing_lines": [], "excluded_lines": []}, "InlineSuggestionsResponse": {"executed_lines": [], "summary": {"covered_lines": 0, "num_statements": 0, "percent_covered": 100.0, "percent_covered_display": "100", "missing_lines": 0, "excluded_lines": 0}, "missing_lines": [], "excluded_lines": []}, "SaveImprovedContentRequest": {"executed_lines": [], "summary": {"covered_lines": 0, "num_statements": 0, "percent_covered": 100.0, "percent_covered_display": "100", "missing_lines": 0, "excluded_lines": 0}, "missing_lines": [], "excluded_lines": []}, "TranslateContentRequest": {"executed_lines": [], "summary": {"covered_lines": 0, "num_statements": 0, "percent_covered": 100.0, "percent_covered_display": "100", "missing_lines": 0, "excluded_lines": 0}, "missing_lines": [], "excluded_lines": []}, "GenerateJobPostingRequest": {"executed_lines": [], "summary": {"covered_lines": 0, "num_statements": 0, "percent_covered": 100.0, "percent_covered_display": "100", "missing_lines": 0, "excluded_lines": 0}, "missing_lines": [], "excluded_lines": []}, "RunPredictiveAnalysisRequest": {"executed_lines": [], "summary": {"covered_lines": 0, "num_statements": 0, "percent_covered": 100.0, "percent_covered_display": "100", "missing_lines": 0, "excluded_lines": 0}, "missing_lines": [], "excluded_lines": []}, "": {"executed_lines": [1, 10, 11, 12, 13, 15, 16, 17, 19, 21, 27, 28, 30, 31, 34, 35, 36, 41, 42, 44, 45, 46, 47, 50, 51, 53, 54, 58, 61, 62, 64, 65, 66, 67, 68, 71, 72, 74, 75, 76, 79, 80, 82, 83, 86, 87, 89, 90, 91, 97, 98, 134, 135, 170, 171, 173, 174, 179, 180, 203, 204, 206, 207, 212, 213, 236, 237, 239, 244, 245, 267, 268, 270, 273, 274, 296, 297], "summary": {"covered_lines": 65, "num_statements": 117, "percent_covered": 55.55555555555556, "percent_covered_display": "56", "missing_lines": 52, "excluded_lines": 0}, "missing_lines": [111, 112, 113, 121, 125, 127, 128, 129, 149, 150, 151, 157, 161, 163, 164, 165, 187, 188, 189, 194, 196, 197, 198, 220, 221, 222, 227, 229, 230, 231, 252, 253, 254, 258, 260, 261, 262, 281, 282, 283, 287, 289, 290, 291, 310, 311, 312, 318, 322, 324, 325, 326], "excluded_lines": []}}}, "src\\jd_ingestion\\api\\endpoints\\health.py": {"executed_lines": [1, 5, 6, 7, 9, 10, 12, 13, 16, 17, 19, 27, 28, 30, 38, 39, 41, 42, 43, 48, 49, 50, 53, 54, 56, 57, 58, 59, 60, 61, 62, 65, 66, 68, 69, 70, 75, 76, 77, 79, 80, 83, 84, 85, 86, 87, 90, 91, 93, 94, 95, 99, 100, 101, 104, 105, 107, 108, 109, 113, 114, 115, 118, 119, 122, 123, 125, 128, 131, 133, 134, 138, 139, 142, 143, 145, 147, 148, 151, 152, 153, 156, 157, 158, 160, 165, 166, 172, 173, 175, 177, 189, 190, 192, 194, 195, 198, 199, 202, 206, 211, 212], "summary": {"covered_lines": 101, "num_statements": 115, "percent_covered": 87.82608695652173, "percent_covered_display": "88", "missing_lines": 14, "excluded_lines": 0}, "missing_lines": [44, 47, 82, 135, 136, 167, 168, 169, 184, 185, 186, 213, 214, 215], "excluded_lines": [], "functions": {"basic_health_check": {"executed_lines": [19], "summary": {"covered_lines": 1, "num_statements": 1, "percent_covered": 100.0, "percent_covered_display": "100", "missing_lines": 0, "excluded_lines": 0}, "missing_lines": [], "excluded_lines": []}, "status_check": {"executed_lines": [30], "summary": {"covered_lines": 1, "num_statements": 1, "percent_covered": 100.0, "percent_covered_display": "100", "missing_lines": 0, "excluded_lines": 0}, "missing_lines": [], "excluded_lines": []}, "detailed_health_check": {"executed_lines": [41, 42, 43, 48, 49, 50], "summary": {"covered_lines": 6, "num_statements": 8, "percent_covered": 75.0, "percent_covered_display": "75", "missing_lines": 2, "excluded_lines": 0}, "missing_lines": [44, 47], "excluded_lines": []}, "system_alerts": {"executed_lines": [56, 57, 58, 59, 60, 61, 62], "summary": {"covered_lines": 7, "num_statements": 7, "percent_covered": 100.0, "percent_covered_display": "100", "missing_lines": 0, "excluded_lines": 0}, "missing_lines": [], "excluded_lines": []}, "component_health": {"executed_lines": [68, 69, 70, 75, 76, 77, 79, 80, 83, 84, 85, 86, 87], "summary": {"covered_lines": 13, "num_statements": 14, "percent_covered": 92.85714285714286, "percent_covered_display": "93", "missing_lines": 1, "excluded_lines": 0}, "missing_lines": [82], "excluded_lines": []}, "system_metrics": {"executed_lines": [93, 94, 95, 99, 100, 101], "summary": {"covered_lines": 6, "num_statements": 6, "percent_covered": 100.0, "percent_covered_display": "100", "missing_lines": 0, "excluded_lines": 0}, "missing_lines": [], "excluded_lines": []}, "application_metrics": {"executed_lines": [107, 108, 109, 113, 114, 115], "summary": {"covered_lines": 6, "num_statements": 6, "percent_covered": 100.0, "percent_covered_display": "100", "missing_lines": 0, "excluded_lines": 0}, "missing_lines": [], "excluded_lines": []}, "warmup_services": {"executed_lines": [122, 138, 139], "summary": {"covered_lines": 3, "num_statements": 3, "percent_covered": 100.0, "percent_covered_display": "100", "missing_lines": 0, "excluded_lines": 0}, "missing_lines": [], "excluded_lines": []}, "warmup_services.warmup_task": {"executed_lines": [123, 125, 128, 131, 133, 134], "summary": {"covered_lines": 6, "num_statements": 8, "percent_covered": 75.0, "percent_covered_display": "75", "missing_lines": 2, "excluded_lines": 0}, "missing_lines": [135, 136], "excluded_lines": []}, "readiness_check": {"executed_lines": [145, 147, 148, 151, 152, 153, 156, 157, 158, 160, 165, 166], "summary": {"covered_lines": 12, "num_statements": 15, "percent_covered": 80.0, "percent_covered_display": "80", "missing_lines": 3, "excluded_lines": 0}, "missing_lines": [167, 168, 169], "excluded_lines": []}, "liveness_check": {"executed_lines": [175, 177], "summary": {"covered_lines": 2, "num_statements": 5, "percent_covered": 40.0, "percent_covered_display": "40", "missing_lines": 3, "excluded_lines": 0}, "missing_lines": [184, 185, 186], "excluded_lines": []}, "startup_check": {"executed_lines": [192, 194, 195, 198, 199, 202, 206, 211, 212], "summary": {"covered_lines": 9, "num_statements": 12, "percent_covered": 75.0, "percent_covered_display": "75", "missing_lines": 3, "excluded_lines": 0}, "missing_lines": [213, 214, 215], "excluded_lines": []}, "": {"executed_lines": [1, 5, 6, 7, 9, 10, 12, 13, 16, 17, 27, 28, 38, 39, 53, 54, 65, 66, 90, 91, 104, 105, 118, 119, 142, 143, 172, 173, 189, 190], "summary": {"covered_lines": 29, "num_statements": 29, "percent_covered": 100.0, "percent_covered_display": "100", "missing_lines": 0, "excluded_lines": 0}, "missing_lines": [], "excluded_lines": []}}, "classes": {"": {"executed_lines": [1, 5, 6, 7, 9, 10, 12, 13, 16, 17, 19, 27, 28, 30, 38, 39, 41, 42, 43, 48, 49, 50, 53, 54, 56, 57, 58, 59, 60, 61, 62, 65, 66, 68, 69, 70, 75, 76, 77, 79, 80, 83, 84, 85, 86, 87, 90, 91, 93, 94, 95, 99, 100, 101, 104, 105, 107, 108, 109, 113, 114, 115, 118, 119, 122, 123, 125, 128, 131, 133, 134, 138, 139, 142, 143, 145, 147, 148, 151, 152, 153, 156, 157, 158, 160, 165, 166, 172, 173, 175, 177, 189, 190, 192, 194, 195, 198, 199, 202, 206, 211, 212], "summary": {"covered_lines": 101, "num_statements": 115, "percent_covered": 87.82608695652173, "percent_covered_display": "88", "missing_lines": 14, "excluded_lines": 0}, "missing_lines": [44, 47, 82, 135, 136, 167, 168, 169, 184, 185, 186, 213, 214, 215], "excluded_lines": []}}}, "src\\jd_ingestion\\api\\endpoints\\ingestion.py": {"executed_lines": [2, 3, 4, 5, 8, 9, 10, 13, 14, 15, 16, 17, 18, 19, 20, 21, 23, 24, 27, 28, 29, 35, 36, 37, 38, 41, 44, 47, 49, 56, 76, 77, 78, 81, 82, 83, 84, 91, 92, 93, 94, 97, 98, 101, 104, 105, 112, 113, 127, 129, 132, 135, 136, 137, 144, 145, 151, 156, 157, 158, 161, 201, 203, 204, 208, 216, 217, 224, 226, 227, 472, 475, 503, 505, 506, 544, 545, 546, 548, 549, 550, 551, 554, 555, 556, 557, 558, 561, 562, 563, 564, 572, 573, 574, 575, 578, 579, 582, 585, 586, 588, 589, 593, 594, 598, 604, 611, 612, 613, 616, 617, 618, 619, 625, 627, 631, 632, 633, 638, 648, 649, 651, 653, 654, 655, 656, 659, 663, 671, 672, 674, 675, 676, 679, 680, 681, 683, 685, 821, 822, 823, 918, 919, 926, 928, 930, 931, 933, 936, 972, 976, 977, 979, 984, 985, 986, 988, 989, 990, 992, 996, 998, 1003, 1004, 1012, 1014, 1015, 1026, 1035, 1036, 1038, 1040, 1043, 1065, 1071, 1073, 1083, 1084, 1085, 1092, 1094, 1096, 1097, 1098, 1099, 1101, 1102, 1112, 1113, 1119, 1120, 1122, 1125, 1126, 1128, 1129, 1131, 1132, 1133, 1134, 1135, 1141, 1151, 1152, 1153, 1159, 1160, 1163], "summary": {"covered_lines": 208, "num_statements": 404, "percent_covered": 51.48514851485149, "percent_covered_display": "51", "missing_lines": 196, "excluded_lines": 0}, "missing_lines": [115, 117, 118, 121, 176, 177, 180, 181, 182, 183, 184, 185, 186, 188, 189, 190, 191, 192, 195, 197, 198, 209, 214, 220, 221, 222, 228, 229, 233, 234, 236, 237, 239, 240, 249, 250, 257, 258, 259, 262, 264, 265, 268, 273, 274, 281, 291, 292, 293, 295, 298, 325, 330, 331, 335, 341, 342, 344, 350, 355, 356, 364, 365, 368, 369, 370, 373, 375, 380, 383, 384, 385, 387, 393, 396, 397, 400, 401, 406, 407, 408, 411, 416, 418, 419, 424, 425, 434, 435, 439, 445, 452, 458, 459, 467, 468, 469, 476, 481, 482, 483, 484, 485, 487, 490, 493, 494, 495, 496, 501, 628, 642, 688, 691, 696, 699, 704, 707, 710, 712, 717, 720, 725, 728, 731, 733, 738, 741, 757, 762, 767, 768, 773, 776, 779, 782, 790, 812, 814, 815, 816, 825, 826, 829, 832, 844, 846, 847, 848, 849, 850, 852, 854, 857, 858, 861, 862, 867, 868, 869, 870, 872, 874, 877, 878, 881, 882, 883, 884, 886, 887, 890, 896, 897, 899, 934, 937, 939, 940, 946, 951, 958, 965, 966, 967, 1005, 1010, 1019, 1020, 1023, 1030, 1031, 1032, 1106, 1107, 1114], "excluded_lines": [], "functions": {"scan_directory": {"executed_lines": [35, 36, 37, 38, 41, 44, 47, 49, 56, 76, 77, 78], "summary": {"covered_lines": 12, "num_statements": 12, "percent_covered": 100.0, "percent_covered_display": "100", "missing_lines": 0, "excluded_lines": 0}, "missing_lines": [], "excluded_lines": []}, "process_single_file": {"executed_lines": [91, 92, 93, 94, 97, 98, 101, 104, 105, 112, 113, 127, 129, 132, 135, 136, 137, 144, 145, 151, 156, 157, 158, 161, 201, 203, 204, 208, 216, 217, 224, 226, 227, 472, 475, 503, 505, 506, 544, 545, 546, 548, 549, 550, 551], "summary": {"covered_lines": 45, "num_statements": 142, "percent_covered": 31.690140845070424, "percent_covered_display": "32", "missing_lines": 97, "excluded_lines": 0}, "missing_lines": [115, 117, 118, 121, 176, 177, 180, 181, 182, 183, 184, 185, 186, 188, 189, 190, 191, 192, 195, 197, 198, 209, 214, 220, 221, 222, 228, 229, 233, 234, 236, 237, 239, 240, 249, 250, 257, 258, 259, 262, 264, 265, 268, 273, 274, 281, 291, 292, 293, 295, 298, 325, 330, 331, 335, 341, 342, 344, 350, 355, 356, 364, 365, 368, 369, 370, 373, 375, 380, 383, 384, 385, 387, 393, 396, 397, 400, 401, 406, 407, 408, 411, 416, 418, 419, 424, 425, 434, 435, 439, 445, 452, 458, 459, 467, 468, 469], "excluded_lines": []}, "process_single_file.safe_response_str": {"executed_lines": [], "summary": {"covered_lines": 0, "num_statements": 13, "percent_covered": 0.0, "percent_covered_display": "0", "missing_lines": 13, "excluded_lines": 0}, "missing_lines": [476, 481, 482, 483, 484, 485, 487, 490, 493, 494, 495, 496, 501], "excluded_lines": []}, "process_file_in_background": {"executed_lines": [555, 556, 557, 558], "summary": {"covered_lines": 4, "num_statements": 4, "percent_covered": 100.0, "percent_covered_display": "100", "missing_lines": 0, "excluded_lines": 0}, "missing_lines": [], "excluded_lines": []}, "batch_ingest_directory": {"executed_lines": [572, 573, 574, 575, 578, 579, 582, 585, 586, 588, 589, 593, 594, 598, 604, 611, 612, 613], "summary": {"covered_lines": 18, "num_statements": 18, "percent_covered": 100.0, "percent_covered_display": "100", "missing_lines": 0, "excluded_lines": 0}, "missing_lines": [], "excluded_lines": []}, "upload_file": {"executed_lines": [625, 627, 631, 632, 633, 638, 648, 649, 651, 653, 654, 655, 656, 659, 663, 671, 672, 674, 675, 676], "summary": {"covered_lines": 20, "num_statements": 22, "percent_covered": 90.9090909090909, "percent_covered_display": "91", "missing_lines": 2, "excluded_lines": 0}, "missing_lines": [628, 642], "excluded_lines": []}, "get_ingestion_stats": {"executed_lines": [683, 685], "summary": {"covered_lines": 2, "num_statements": 31, "percent_covered": 6.451612903225806, "percent_covered_display": "6", "missing_lines": 29, "excluded_lines": 0}, "missing_lines": [688, 691, 696, 699, 704, 707, 710, 712, 717, 720, 725, 728, 731, 733, 738, 741, 757, 762, 767, 768, 773, 776, 779, 782, 790, 812, 814, 815, 816], "excluded_lines": []}, "get_task_stats": {"executed_lines": [], "summary": {"covered_lines": 0, "num_statements": 34, "percent_covered": 0.0, "percent_covered_display": "0", "missing_lines": 34, "excluded_lines": 0}, "missing_lines": [825, 826, 829, 832, 844, 846, 847, 848, 849, 850, 852, 854, 857, 858, 861, 862, 867, 868, 869, 870, 872, 874, 877, 878, 881, 882, 883, 884, 886, 887, 890, 896, 897, 899], "excluded_lines": []}, "generate_embeddings_for_existing_jobs": {"executed_lines": [926, 928, 930, 931, 933, 936], "summary": {"covered_lines": 6, "num_statements": 16, "percent_covered": 37.5, "percent_covered_display": "38", "missing_lines": 10, "excluded_lines": 0}, "missing_lines": [934, 937, 939, 940, 946, 951, 958, 965, 966, 967], "excluded_lines": []}, "_generate_embeddings_background_task": {"executed_lines": [976, 977, 979, 984, 985, 986, 988, 989, 990, 992, 996, 998, 1003, 1004, 1012, 1014, 1015, 1026], "summary": {"covered_lines": 18, "num_statements": 26, "percent_covered": 69.23076923076923, "percent_covered_display": "69", "missing_lines": 8, "excluded_lines": 0}, "missing_lines": [1005, 1010, 1019, 1020, 1023, 1030, 1031, 1032], "excluded_lines": []}, "get_resilience_status": {"executed_lines": [1038, 1040, 1043, 1065, 1071, 1073, 1083, 1084, 1085], "summary": {"covered_lines": 9, "num_statements": 9, "percent_covered": 100.0, "percent_covered_display": "100", "missing_lines": 0, "excluded_lines": 0}, "missing_lines": [], "excluded_lines": []}, "_get_health_recommendations": {"executed_lines": [1094, 1096, 1097, 1098, 1099, 1101, 1102, 1112, 1113, 1119, 1120, 1122], "summary": {"covered_lines": 12, "num_statements": 15, "percent_covered": 80.0, "percent_covered_display": "80", "missing_lines": 3, "excluded_lines": 0}, "missing_lines": [1106, 1107, 1114], "excluded_lines": []}, "reset_circuit_breakers": {"executed_lines": [1128, 1129, 1131, 1132, 1133, 1134, 1135, 1141, 1151, 1152, 1153, 1159, 1160, 1163], "summary": {"covered_lines": 14, "num_statements": 14, "percent_covered": 100.0, "percent_covered_display": "100", "missing_lines": 0, "excluded_lines": 0}, "missing_lines": [], "excluded_lines": []}, "": {"executed_lines": [2, 3, 4, 5, 8, 9, 10, 13, 14, 15, 16, 17, 18, 19, 20, 21, 23, 24, 27, 28, 29, 81, 82, 83, 84, 554, 561, 562, 563, 564, 616, 617, 618, 619, 679, 680, 681, 821, 822, 823, 918, 919, 972, 1035, 1036, 1092, 1125, 1126], "summary": {"covered_lines": 48, "num_statements": 48, "percent_covered": 100.0, "percent_covered_display": "100", "missing_lines": 0, "excluded_lines": 0}, "missing_lines": [], "excluded_lines": []}}, "classes": {"": {"executed_lines": [2, 3, 4, 5, 8, 9, 10, 13, 14, 15, 16, 17, 18, 19, 20, 21, 23, 24, 27, 28, 29, 35, 36, 37, 38, 41, 44, 47, 49, 56, 76, 77, 78, 81, 82, 83, 84, 91, 92, 93, 94, 97, 98, 101, 104, 105, 112, 113, 127, 129, 132, 135, 136, 137, 144, 145, 151, 156, 157, 158, 161, 201, 203, 204, 208, 216, 217, 224, 226, 227, 472, 475, 503, 505, 506, 544, 545, 546, 548, 549, 550, 551, 554, 555, 556, 557, 558, 561, 562, 563, 564, 572, 573, 574, 575, 578, 579, 582, 585, 586, 588, 589, 593, 594, 598, 604, 611, 612, 613, 616, 617, 618, 619, 625, 627, 631, 632, 633, 638, 648, 649, 651, 653, 654, 655, 656, 659, 663, 671, 672, 674, 675, 676, 679, 680, 681, 683, 685, 821, 822, 823, 918, 919, 926, 928, 930, 931, 933, 936, 972, 976, 977, 979, 984, 985, 986, 988, 989, 990, 992, 996, 998, 1003, 1004, 1012, 1014, 1015, 1026, 1035, 1036, 1038, 1040, 1043, 1065, 1071, 1073, 1083, 1084, 1085, 1092, 1094, 1096, 1097, 1098, 1099, 1101, 1102, 1112, 1113, 1119, 1120, 1122, 1125, 1126, 1128, 1129, 1131, 1132, 1133, 1134, 1135, 1141, 1151, 1152, 1153, 1159, 1160, 1163], "summary": {"covered_lines": 208, "num_statements": 404, "percent_covered": 51.48514851485149, "percent_covered_display": "51", "missing_lines": 196, "excluded_lines": 0}, "missing_lines": [115, 117, 118, 121, 176, 177, 180, 181, 182, 183, 184, 185, 186, 188, 189, 190, 191, 192, 195, 197, 198, 209, 214, 220, 221, 222, 228, 229, 233, 234, 236, 237, 239, 240, 249, 250, 257, 258, 259, 262, 264, 265, 268, 273, 274, 281, 291, 292, 293, 295, 298, 325, 330, 331, 335, 341, 342, 344, 350, 355, 356, 364, 365, 368, 369, 370, 373, 375, 380, 383, 384, 385, 387, 393, 396, 397, 400, 401, 406, 407, 408, 411, 416, 418, 419, 424, 425, 434, 435, 439, 445, 452, 458, 459, 467, 468, 469, 476, 481, 482, 483, 484, 485, 487, 490, 493, 494, 495, 496, 501, 628, 642, 688, 691, 696, 699, 704, 707, 710, 712, 717, 720, 725, 728, 731, 733, 738, 741, 757, 762, 767, 768, 773, 776, 779, 782, 790, 812, 814, 815, 816, 825, 826, 829, 832, 844, 846, 847, 848, 849, 850, 852, 854, 857, 858, 861, 862, 867, 868, 869, 870, 872, 874, 877, 878, 881, 882, 883, 884, 886, 887, 890, 896, 897, 899, 934, 937, 939, 940, 946, 951, 958, 965, 966, 967, 1005, 1010, 1019, 1020, 1023, 1030, 1031, 1032, 1106, 1107, 1114], "excluded_lines": []}}}, "src\\jd_ingestion\\api\\endpoints\\jobs.py": {"executed_lines": [2, 3, 4, 5, 8, 9, 10, 11, 12, 13, 14, 15, 18, 19, 25, 28, 29, 30, 31, 33, 34, 38, 39, 41, 42, 43, 44, 45, 46, 47, 48, 51, 52, 54, 55, 58, 59, 60, 61, 63, 64, 67, 68, 69, 89, 91, 92, 93, 94, 100, 106, 107, 111, 112, 113, 114, 115, 116, 121, 122, 125, 129, 130, 142, 145, 146, 150, 151, 152, 153, 154, 155, 160, 161, 164, 165, 166, 174, 257, 258, 259, 263, 264, 269, 270, 273, 278, 305, 306, 307, 310, 311, 315, 317, 318, 321, 326, 344, 349, 350, 351, 354, 355, 359, 360, 364, 365, 379, 384, 387, 388, 389, 394, 403, 404, 405, 406, 407, 408, 409, 411, 412, 414, 415, 417, 432, 433, 435, 436, 446, 464, 466, 468, 469, 472, 477, 478, 497, 498, 508, 509, 517, 518, 519, 524, 525, 526, 529, 530, 537, 539, 540, 541, 543, 544, 547, 550, 551, 553, 559, 567, 568, 587, 588, 594, 596, 606, 607, 662, 663, 669, 671, 672, 708, 709, 715, 717, 718, 719, 721, 722, 725, 726, 728, 730, 735, 736, 737, 743, 744, 745, 746, 749, 750, 757, 759, 760, 837, 838, 846, 848, 849, 920, 921, 945, 947, 948, 949, 950, 951, 952, 955, 959, 960, 963, 964, 967, 968, 969, 974, 975, 977, 978, 981, 982, 983, 995, 998, 999, 1008, 1017, 1020, 1021, 1022, 1023, 1025, 1026, 1027, 1029, 1030, 1031, 1043, 1055, 1057, 1061, 1063, 1066, 1068, 1069, 1070, 1072, 1073, 1074, 1075, 1125, 1131, 1132, 1133, 1136, 1139, 1140, 1141, 1144, 1145, 1147], "summary": {"covered_lines": 263, "num_statements": 456, "percent_covered": 57.675438596491226, "percent_covered_display": "58", "missing_lines": 193, "excluded_lines": 0}, "missing_lines": [175, 178, 179, 180, 183, 185, 186, 195, 203, 204, 205, 225, 227, 232, 233, 235, 247, 249, 251, 281, 284, 287, 288, 290, 331, 336, 338, 345, 346, 366, 367, 368, 369, 371, 380, 381, 385, 386, 447, 480, 492, 494, 520, 521, 554, 569, 570, 576, 577, 578, 584, 610, 611, 616, 619, 620, 621, 626, 628, 629, 631, 637, 650, 651, 652, 653, 656, 657, 658, 659, 673, 675, 676, 679, 680, 682, 686, 692, 693, 694, 695, 696, 697, 700, 701, 702, 703, 738, 739, 740, 761, 763, 764, 767, 770, 771, 772, 773, 774, 777, 778, 781, 783, 784, 785, 787, 789, 790, 793, 794, 797, 799, 800, 802, 809, 823, 824, 825, 826, 827, 828, 831, 832, 833, 834, 850, 852, 853, 856, 859, 860, 862, 863, 869, 870, 873, 875, 876, 878, 885, 896, 897, 898, 899, 905, 906, 909, 910, 916, 917, 970, 996, 1009, 1044, 1045, 1064, 1078, 1079, 1080, 1081, 1083, 1084, 1085, 1086, 1087, 1088, 1089, 1091, 1092, 1093, 1094, 1095, 1096, 1097, 1101, 1102, 1103, 1104, 1105, 1108, 1112, 1113, 1114, 1115, 1117, 1118, 1120, 1121, 1122, 1134, 1135, 1137, 1138], "excluded_lines": [], "functions": {"list_jobs": {"executed_lines": [89, 91, 92, 93, 94, 100, 106, 107, 111, 112, 113, 114, 115, 116, 121, 122, 125, 129, 130, 142, 145, 146, 150, 151, 152, 153, 154, 155, 160, 161, 164, 165, 166, 174], "summary": {"covered_lines": 34, "num_statements": 53, "percent_covered": 64.15094339622641, "percent_covered_display": "64", "missing_lines": 19, "excluded_lines": 0}, "missing_lines": [175, 178, 179, 180, 183, 185, 186, 195, 203, 204, 205, 225, 227, 232, 233, 235, 247, 249, 251], "excluded_lines": []}, "get_processing_status": {"executed_lines": [269, 270, 273, 278], "summary": {"covered_lines": 4, "num_statements": 9, "percent_covered": 44.44444444444444, "percent_covered_display": "44", "missing_lines": 5, "excluded_lines": 0}, "missing_lines": [281, 284, 287, 288, 290], "excluded_lines": []}, "get_job_stats": {"executed_lines": [315, 317, 318, 321, 326, 344, 349, 350, 351], "summary": {"covered_lines": 9, "num_statements": 14, "percent_covered": 64.28571428571429, "percent_covered_display": "64", "missing_lines": 5, "excluded_lines": 0}, "missing_lines": [331, 336, 338, 345, 346], "excluded_lines": []}, "get_comprehensive_stats": {"executed_lines": [364, 365, 379, 384, 387, 388, 389], "summary": {"covered_lines": 7, "num_statements": 16, "percent_covered": 43.75, "percent_covered_display": "44", "missing_lines": 9, "excluded_lines": 0}, "missing_lines": [366, 367, 368, 369, 371, 380, 381, 385, 386], "excluded_lines": []}, "_get_job_details": {"executed_lines": [403, 404, 405, 406, 407, 408, 409, 411, 412, 414, 415, 417, 432, 433, 435, 436, 446, 464, 466, 468, 469, 472, 477, 478], "summary": {"covered_lines": 24, "num_statements": 28, "percent_covered": 85.71428571428571, "percent_covered_display": "86", "missing_lines": 4, "excluded_lines": 0}, "missing_lines": [447, 480, 492, 494], "excluded_lines": []}, "get_job": {"executed_lines": [508, 509, 517, 518, 519, 524, 525, 526], "summary": {"covered_lines": 8, "num_statements": 10, "percent_covered": 80.0, "percent_covered_display": "80", "missing_lines": 2, "excluded_lines": 0}, "missing_lines": [520, 521], "excluded_lines": []}, "get_job_section": {"executed_lines": [537, 539, 540, 541, 543, 544, 547, 550, 551, 553, 559, 567, 568], "summary": {"covered_lines": 13, "num_statements": 20, "percent_covered": 65.0, "percent_covered_display": "65", "missing_lines": 7, "excluded_lines": 0}, "missing_lines": [554, 569, 570, 576, 577, 578, 584], "excluded_lines": []}, "create_job": {"executed_lines": [594, 596, 606, 607], "summary": {"covered_lines": 4, "num_statements": 23, "percent_covered": 17.391304347826086, "percent_covered_display": "17", "missing_lines": 19, "excluded_lines": 0}, "missing_lines": [610, 611, 616, 619, 620, 621, 626, 628, 629, 631, 637, 650, 651, 652, 653, 656, 657, 658, 659], "excluded_lines": []}, "reprocess_job": {"executed_lines": [669, 671, 672], "summary": {"covered_lines": 3, "num_statements": 20, "percent_covered": 15.0, "percent_covered_display": "15", "missing_lines": 17, "excluded_lines": 0}, "missing_lines": [673, 675, 676, 679, 680, 682, 686, 692, 693, 694, 695, 696, 697, 700, 701, 702, 703], "excluded_lines": []}, "delete_job": {"executed_lines": [715, 717, 718, 719, 721, 722, 725, 726, 728, 730, 735, 736, 737, 743, 744, 745, 746], "summary": {"covered_lines": 17, "num_statements": 20, "percent_covered": 85.0, "percent_covered_display": "85", "missing_lines": 3, "excluded_lines": 0}, "missing_lines": [738, 739, 740], "excluded_lines": []}, "update_job": {"executed_lines": [757, 759, 760], "summary": {"covered_lines": 3, "num_statements": 38, "percent_covered": 7.894736842105263, "percent_covered_display": "8", "missing_lines": 35, "excluded_lines": 0}, "missing_lines": [761, 763, 764, 767, 770, 771, 772, 773, 774, 777, 778, 781, 783, 784, 785, 787, 789, 790, 793, 794, 797, 799, 800, 802, 809, 823, 824, 825, 826, 827, 828, 831, 832, 833, 834], "excluded_lines": []}, "update_job_section": {"executed_lines": [846, 848, 849], "summary": {"covered_lines": 3, "num_statements": 28, "percent_covered": 10.714285714285714, "percent_covered_display": "11", "missing_lines": 25, "excluded_lines": 0}, "missing_lines": [850, 852, 853, 856, 859, 860, 862, 863, 869, 870, 873, 875, 876, 878, 885, 896, 897, 898, 899, 905, 906, 909, 910, 916, 917], "excluded_lines": []}, "bulk_export_jobs": {"executed_lines": [945, 947, 948, 949, 950, 951, 952, 955, 959, 960, 963, 964, 967, 968, 969, 974, 975, 977, 978, 981, 982, 983, 995, 998, 999, 1008, 1017, 1020, 1021, 1022, 1023, 1025, 1026, 1027, 1029, 1030, 1031, 1043, 1055, 1057, 1061, 1063, 1066, 1068, 1069, 1070, 1072, 1073, 1074, 1075, 1125, 1131, 1132, 1133, 1136, 1139, 1140, 1141], "summary": {"covered_lines": 58, "num_statements": 101, "percent_covered": 57.42574257425743, "percent_covered_display": "57", "missing_lines": 43, "excluded_lines": 0}, "missing_lines": [970, 996, 1009, 1044, 1045, 1064, 1078, 1079, 1080, 1081, 1083, 1084, 1085, 1086, 1087, 1088, 1089, 1091, 1092, 1093, 1094, 1095, 1096, 1097, 1101, 1102, 1103, 1104, 1105, 1108, 1112, 1113, 1114, 1115, 1117, 1118, 1120, 1121, 1122, 1134, 1135, 1137, 1138], "excluded_lines": []}, "get_export_formats": {"executed_lines": [1147], "summary": {"covered_lines": 1, "num_statements": 1, "percent_covered": 100.0, "percent_covered_display": "100", "missing_lines": 0, "excluded_lines": 0}, "missing_lines": [], "excluded_lines": []}, "": {"executed_lines": [2, 3, 4, 5, 8, 9, 10, 11, 12, 13, 14, 15, 18, 19, 25, 28, 29, 30, 31, 33, 34, 38, 39, 41, 42, 43, 44, 45, 46, 47, 48, 51, 52, 54, 55, 58, 59, 60, 61, 63, 64, 67, 68, 69, 257, 258, 259, 263, 264, 305, 306, 307, 310, 311, 354, 355, 359, 360, 394, 497, 498, 529, 530, 587, 588, 662, 663, 708, 709, 749, 750, 837, 838, 920, 921, 1144, 1145], "summary": {"covered_lines": 75, "num_statements": 75, "percent_covered": 100.0, "percent_covered_display": "100", "missing_lines": 0, "excluded_lines": 0}, "missing_lines": [], "excluded_lines": []}}, "classes": {"JobDescriptionCreate": {"executed_lines": [], "summary": {"covered_lines": 0, "num_statements": 0, "percent_covered": 100.0, "percent_covered_display": "100", "missing_lines": 0, "excluded_lines": 0}, "missing_lines": [], "excluded_lines": []}, "JobUpdate": {"executed_lines": [], "summary": {"covered_lines": 0, "num_statements": 0, "percent_covered": 100.0, "percent_covered_display": "100", "missing_lines": 0, "excluded_lines": 0}, "missing_lines": [], "excluded_lines": []}, "JobUpdate.Config": {"executed_lines": [], "summary": {"covered_lines": 0, "num_statements": 0, "percent_covered": 100.0, "percent_covered_display": "100", "missing_lines": 0, "excluded_lines": 0}, "missing_lines": [], "excluded_lines": []}, "": {"executed_lines": [2, 3, 4, 5, 8, 9, 10, 11, 12, 13, 14, 15, 18, 19, 25, 28, 29, 30, 31, 33, 34, 38, 39, 41, 42, 43, 44, 45, 46, 47, 48, 51, 52, 54, 55, 58, 59, 60, 61, 63, 64, 67, 68, 69, 89, 91, 92, 93, 94, 100, 106, 107, 111, 112, 113, 114, 115, 116, 121, 122, 125, 129, 130, 142, 145, 146, 150, 151, 152, 153, 154, 155, 160, 161, 164, 165, 166, 174, 257, 258, 259, 263, 264, 269, 270, 273, 278, 305, 306, 307, 310, 311, 315, 317, 318, 321, 326, 344, 349, 350, 351, 354, 355, 359, 360, 364, 365, 379, 384, 387, 388, 389, 394, 403, 404, 405, 406, 407, 408, 409, 411, 412, 414, 415, 417, 432, 433, 435, 436, 446, 464, 466, 468, 469, 472, 477, 478, 497, 498, 508, 509, 517, 518, 519, 524, 525, 526, 529, 530, 537, 539, 540, 541, 543, 544, 547, 550, 551, 553, 559, 567, 568, 587, 588, 594, 596, 606, 607, 662, 663, 669, 671, 672, 708, 709, 715, 717, 718, 719, 721, 722, 725, 726, 728, 730, 735, 736, 737, 743, 744, 745, 746, 749, 750, 757, 759, 760, 837, 838, 846, 848, 849, 920, 921, 945, 947, 948, 949, 950, 951, 952, 955, 959, 960, 963, 964, 967, 968, 969, 974, 975, 977, 978, 981, 982, 983, 995, 998, 999, 1008, 1017, 1020, 1021, 1022, 1023, 1025, 1026, 1027, 1029, 1030, 1031, 1043, 1055, 1057, 1061, 1063, 1066, 1068, 1069, 1070, 1072, 1073, 1074, 1075, 1125, 1131, 1132, 1133, 1136, 1139, 1140, 1141, 1144, 1145, 1147], "summary": {"covered_lines": 263, "num_statements": 456, "percent_covered": 57.675438596491226, "percent_covered_display": "58", "missing_lines": 193, "excluded_lines": 0}, "missing_lines": [175, 178, 179, 180, 183, 185, 186, 195, 203, 204, 205, 225, 227, 232, 233, 235, 247, 249, 251, 281, 284, 287, 288, 290, 331, 336, 338, 345, 346, 366, 367, 368, 369, 371, 380, 381, 385, 386, 447, 480, 492, 494, 520, 521, 554, 569, 570, 576, 577, 578, 584, 610, 611, 616, 619, 620, 621, 626, 628, 629, 631, 637, 650, 651, 652, 653, 656, 657, 658, 659, 673, 675, 676, 679, 680, 682, 686, 692, 693, 694, 695, 696, 697, 700, 701, 702, 703, 738, 739, 740, 761, 763, 764, 767, 770, 771, 772, 773, 774, 777, 778, 781, 783, 784, 785, 787, 789, 790, 793, 794, 797, 799, 800, 802, 809, 823, 824, 825, 826, 827, 828, 831, 832, 833, 834, 850, 852, 853, 856, 859, 860, 862, 863, 869, 870, 873, 875, 876, 878, 885, 896, 897, 898, 899, 905, 906, 909, 910, 916, 917, 970, 996, 1009, 1044, 1045, 1064, 1078, 1079, 1080, 1081, 1083, 1084, 1085, 1086, 1087, 1088, 1089, 1091, 1092, 1093, 1094, 1095, 1096, 1097, 1101, 1102, 1103, 1104, 1105, 1108, 1112, 1113, 1114, 1115, 1117, 1118, 1120, 1121, 1122, 1134, 1135, 1137, 1138], "excluded_lines": []}}}, "src\\jd_ingestion\\api\\endpoints\\performance.py": {"executed_lines": [1, 5, 6, 7, 8, 10, 11, 12, 14, 16, 19, 20, 22, 23, 26, 27, 29, 30, 31, 32, 33, 34, 37, 38, 40, 41, 43, 51, 52, 53, 58, 59, 63, 64, 66, 69, 70, 73, 75, 76, 149, 150, 151, 154, 155, 157, 158, 160, 163, 171, 172, 173, 174, 175, 176, 177, 180, 184, 187, 202, 203, 205, 223, 224, 225, 228, 229, 231, 232, 233, 235, 238, 239, 291, 292, 293], "summary": {"covered_lines": 73, "num_statements": 96, "percent_covered": 76.04166666666667, "percent_covered_display": "76", "missing_lines": 23, "excluded_lines": 0}, "missing_lines": [45, 81, 82, 98, 101, 102, 114, 116, 242, 243, 245, 255, 256, 260, 261, 262, 264, 274, 275, 276, 277, 278, 280], "excluded_lines": [], "functions": {"get_performance_statistics": {"executed_lines": [40, 41, 43, 51, 52, 53], "summary": {"covered_lines": 6, "num_statements": 7, "percent_covered": 85.71428571428571, "percent_covered_display": "86", "missing_lines": 1, "excluded_lines": 0}, "missing_lines": [45], "excluded_lines": []}, "benchmark_vector_search": {"executed_lines": [63, 64, 66, 69, 70, 73, 75, 76, 149, 150, 151], "summary": {"covered_lines": 11, "num_statements": 18, "percent_covered": 61.111111111111114, "percent_covered_display": "61", "missing_lines": 7, "excluded_lines": 0}, "missing_lines": [81, 82, 98, 101, 102, 114, 116], "excluded_lines": []}, "optimize_database_indexes": {"executed_lines": [157, 158, 160, 163, 171, 172, 173, 17
[...]
293, 295, 302, 306, 307, 309, 328, 329, 331, 356, 357, 359, 364, 368, 369, 371, 395, 400, 401, 403, 421, 426, 427, 429, 441, 445, 446, 448, 474, 475, 477], "summary": {"covered_lines": 71, "num_statements": 71, "percent_covered": 100.0, "percent_covered_display": "100", "missing_lines": 0, "excluded_lines": 0}, "missing_lines": [], "excluded_lines": []}}}, "src\\jd_ingestion\\utils\\logging.py": {"executed_lines": [1, 2, 3, 4, 5, 6, 7, 8, 10, 13, 17, 18, 19, 22, 26, 28, 29, 30, 33, 34, 37, 42, 43, 46, 51, 52, 53, 56, 61, 62, 65, 72, 84, 87, 94, 97, 98, 100, 103, 112, 114, 115, 116, 117, 120, 124, 125, 126, 127, 130, 138, 140, 148, 149, 154, 155, 158, 166, 168, 176, 177, 182, 183, 186, 194, 199, 200, 201, 202, 203, 204, 206, 209, 210, 212, 218, 219, 220, 221, 222, 224, 225, 226, 229, 231, 232, 233, 234, 236, 237, 244, 248, 257, 258, 260, 261, 262, 263, 264, 267, 269, 271, 274, 279, 280, 282, 284, 287], "summary": {"covered_lines": 107, "num_statements": 110, "percent_covered": 97.27272727272727, "percent_covered_display": "97", "missing_lines": 3, "excluded_lines": 0}, "missing_lines": [289, 290, 291], "excluded_lines": [], "functions": {"configure_logging": {"executed_lines": [17, 18, 19, 22, 26, 28, 29, 30, 33, 34, 37, 42, 43, 46, 51, 52, 53, 56, 61, 62, 65, 72, 84, 94, 97, 98, 100, 103], "summary": {"covered_lines": 28, "num_statements": 28, "percent_covered": 100.0, "percent_covered_display": "100", "missing_lines": 0, "excluded_lines": 0}, "missing_lines": [], "excluded_lines": []}, "configure_logging.add_context": {"executed_lines": [87], "summary": {"covered_lines": 1, "num_statements": 1, "percent_covered": 100.0, "percent_covered_display": "100", "missing_lines": 0, "excluded_lines": 0}, "missing_lines": [], "excluded_lines": []}, "get_logger": {"executed_lines": [114, 115, 116, 117], "summary": {"covered_lines": 4, "num_statements": 4, "percent_covered": 100.0, "percent_covered_display": "100", "missing_lines": 0, "excluded_lines": 0}, "missing_lines": [], "excluded_lines": []}, "get_task_logger": {"executed_lines": [124, 125, 126, 127], "summary": {"covered_lines": 4, "num_statements": 4, "percent_covered": 100.0, "percent_covered_display": "100", "missing_lines": 0, "excluded_lines": 0}, "missing_lines": [], "excluded_lines": []}, "log_performance_metric": {"executed_lines": [138, 140, 148, 149, 154, 155], "summary": {"covered_lines": 6, "num_statements": 6, "percent_covered": 100.0, "percent_covered_display": "100", "missing_lines": 0, "excluded_lines": 0}, "missing_lines": [], "excluded_lines": []}, "log_business_metric": {"executed_lines": [166, 168, 176, 177, 182, 183], "summary": {"covered_lines": 6, "num_statements": 6, "percent_covered": 100.0, "percent_covered_display": "100", "missing_lines": 0, "excluded_lines": 0}, "missing_lines": [], "excluded_lines": []}, "log_error_with_context": {"executed_lines": [194, 199, 200, 201, 202, 203, 204, 206], "summary": {"covered_lines": 8, "num_statements": 8, "percent_covered": 100.0, "percent_covered_display": "100", "missing_lines": 0, "excluded_lines": 0}, "missing_lines": [], "excluded_lines": []}, "PerformanceTimer.__init__": {"executed_lines": [218, 219, 220, 221, 222], "summary": {"covered_lines": 5, "num_statements": 5, "percent_covered": 100.0, "percent_covered_display": "100", "missing_lines": 0, "excluded_lines": 0}, "missing_lines": [], "excluded_lines": []}, "PerformanceTimer.__enter__": {"executed_lines": [225, 226, 229], "summary": {"covered_lines": 3, "num_statements": 3, "percent_covered": 100.0, "percent_covered_display": "100", "missing_lines": 0, "excluded_lines": 0}, "missing_lines": [], "excluded_lines": []}, "PerformanceTimer.__exit__": {"executed_lines": [232, 233, 234, 236, 237, 244, 248], "summary": {"covered_lines": 7, "num_statements": 7, "percent_covered": 100.0, "percent_covered_display": "100", "missing_lines": 0, "excluded_lines": 0}, "missing_lines": [], "excluded_lines": []}, "PerformanceTimer.elapsed_ms": {"executed_lines": [260, 261, 262, 263, 264], "summary": {"covered_lines": 5, "num_statements": 5, "percent_covered": 100.0, "percent_covered_display": "100", "missing_lines": 0, "excluded_lines": 0}, "missing_lines": [], "excluded_lines": []}, "setup_health_check_logging": {"executed_lines": [269, 271, 284], "summary": {"covered_lines": 3, "num_statements": 3, "percent_covered": 100.0, "percent_covered_display": "100", "missing_lines": 0, "excluded_lines": 0}, "missing_lines": [], "excluded_lines": []}, "setup_health_check_logging.log_component_health": {"executed_lines": [274, 279, 280, 282], "summary": {"covered_lines": 4, "num_statements": 4, "percent_covered": 100.0, "percent_covered_display": "100", "missing_lines": 0, "excluded_lines": 0}, "missing_lines": [], "excluded_lines": []}, "redact_secret": {"executed_lines": [], "summary": {"covered_lines": 0, "num_statements": 3, "percent_covered": 0.0, "percent_covered_display": "0", "missing_lines": 3, "excluded_lines": 0}, "missing_lines": [289, 290, 291], "excluded_lines": []}, "": {"executed_lines": [1, 2, 3, 4, 5, 6, 7, 8, 10, 13, 112, 120, 130, 158, 186, 209, 210, 212, 224, 231, 257, 258, 267, 287], "summary": {"covered_lines": 23, "num_statements": 23, "percent_covered": 100.0, "percent_covered_display": "100", "missing_lines": 0, "excluded_lines": 0}, "missing_lines": [], "excluded_lines": []}}, "classes": {"PerformanceTimer": {"executed_lines": [218, 219, 220, 221, 222, 225, 226, 229, 232, 233, 234, 236, 237, 244, 248, 260, 261, 262, 263, 264], "summary": {"covered_lines": 20, "num_statements": 20, "percent_covered": 100.0, "percent_covered_display": "100", "missing_lines": 0, "excluded_lines": 0}, "missing_lines": [], "excluded_lines": []}, "": {"executed_lines": [1, 2, 3, 4, 5, 6, 7, 8, 10, 13, 17, 18, 19, 22, 26, 28, 29, 30, 33, 34, 37, 42, 43, 46, 51, 52, 53, 56, 61, 62, 65, 72, 84, 87, 94, 97, 98, 100, 103, 112, 114, 115, 116, 117, 120, 124, 125, 126, 127, 130, 138, 140, 148, 149, 154, 155, 158, 166, 168, 176, 177, 182, 183, 186, 194, 199, 200, 201, 202, 203, 204, 206, 209, 210, 212, 224, 231, 257, 258, 267, 269, 271, 274, 279, 280, 282, 284, 287], "summary": {"covered_lines": 87, "num_statements": 90, "percent_covered": 96.66666666666667, "percent_covered_display": "97", "missing_lines": 3, "excluded_lines": 0}, "missing_lines": [289, 290, 291], "excluded_lines": []}}}, "src\\jd_ingestion\\utils\\monitoring.py": {"executed_lines": [1, 5, 6, 7, 8, 9, 10, 11, 13, 14, 15, 22, 25, 26, 28, 29, 30, 32, 34, 35, 38, 39, 40, 41, 42, 44, 46, 54, 55, 58, 59, 62, 63, 66, 67, 70, 71, 74, 77, 78, 79, 80, 83, 85, 87, 89, 90, 91, 121, 126, 127, 128, 141, 143, 144, 150, 151, 153, 154, 155, 158, 159, 160, 162, 178, 180, 181, 187, 189, 190, 191, 192, 195, 196, 198, 205, 206, 207, 213, 215, 217, 218, 221, 224, 227, 230, 231, 233, 273, 274, 275, 277, 278, 279, 280, 282, 284, 285, 288, 333, 334, 336, 337, 339, 347, 354, 355, 356, 357, 360, 361, 363, 364, 365, 372, 374, 376, 377, 380, 383, 384, 385, 396, 397, 398, 409, 410, 411, 422, 423, 424, 432, 433, 443, 444, 445, 453, 454, 455, 458, 459, 466, 470, 471, 474, 476, 479, 481], "summary": {"covered_lines": 145, "num_statements": 171, "percent_covered": 84.7953216374269, "percent_covered_display": "85", "missing_lines": 26, "excluded_lines": 0}, "missing_lines": [93, 96, 97, 105, 106, 109, 110, 112, 133, 134, 135, 170, 171, 172, 290, 299, 302, 311, 314, 323, 325, 343, 344, 348, 349, 350], "excluded_lines": [], "functions": {"SystemMonitor.__init__": {"executed_lines": [29, 30], "summary": {"covered_lines": 2, "num_statements": 2, "percent_covered": 100.0, "percent_covered_display": "100", "missing_lines": 0, "excluded_lines": 0}, "missing_lines": [], "excluded_lines": []}, "SystemMonitor._init_redis": {"executed_lines": [34, 35, 38, 39, 40, 41, 42], "summary": {"covered_lines": 7, "num_statements": 7, "percent_covered": 100.0, "percent_covered_display": "100", "missing_lines": 0, "excluded_lines": 0}, "missing_lines": [], "excluded_lines": []}, "SystemMonitor.get_system_health": {"executed_lines": [46, 54, 55, 58, 59, 62, 63, 66, 67, 70, 71, 74, 77, 78, 79, 80, 83, 85], "summary": {"covered_lines": 18, "num_statements": 18, "percent_covered": 100.0, "percent_covered_display": "100", "missing_lines": 0, "excluded_lines": 0}, "missing_lines": [], "excluded_lines": []}, "SystemMonitor._check_database_health": {"executed_lines": [89, 90, 91, 121, 126, 127, 128], "summary": {"covered_lines": 7, "num_statements": 18, "percent_covered": 38.888888888888886, "percent_covered_display": "39", "missing_lines": 11, "excluded_lines": 0}, "missing_lines": [93, 96, 97, 105, 106, 109, 110, 112, 133, 134, 135], "excluded_lines": []}, "SystemMonitor._check_redis_health": {"executed_lines": [143, 144, 150, 151, 153, 154, 155, 158, 159, 160, 162], "summary": {"covered_lines": 11, "num_statements": 14, "percent_covered": 78.57142857142857, "percent_covered_display": "79", "missing_lines": 3, "excluded_lines": 0}, "missing_lines": [170, 171, 172], "excluded_lines": []}, "SystemMonitor._check_openai_health": {"executed_lines": [180, 181, 187, 189, 190, 191, 192, 195, 196, 198, 205, 206, 207], "summary": {"covered_lines": 13, "num_statements": 13, "percent_covered": 100.0, "percent_covered_display": "100", "missing_lines": 0, "excluded_lines": 0}, "missing_lines": [], "excluded_lines": []}, "SystemMonitor._get_system_metrics": {"executed_lines": [215, 217, 218, 221, 224, 227, 230, 231, 233, 273, 274, 275, 277, 278, 279, 280], "summary": {"covered_lines": 16, "num_statements": 16, "percent_covered": 100.0, "percent_covered_display": "100", "missing_lines": 0, "excluded_lines": 0}, "missing_lines": [], "excluded_lines": []}, "SystemMonitor._get_application_metrics": {"executed_lines": [284, 285, 288, 333, 334, 336, 337, 339, 347, 354, 355, 356, 357], "summary": {"covered_lines": 13, "num_statements": 25, "percent_covered": 52.0, "percent_covered_display": "52", "missing_lines": 12, "excluded_lines": 0}, "missing_lines": [290, 299, 302, 311, 314, 323, 325, 343, 344, 348, 349, 350], "excluded_lines": []}, "AlertManager.__init__": {"executed_lines": [364, 365, 372], "summary": {"covered_lines": 3, "num_statements": 3, "percent_covered": 100.0, "percent_covered_display": "100", "missing_lines": 0, "excluded_lines": 0}, "missing_lines": [], "excluded_lines": []}, "AlertManager.check_alerts": {"executed_lines": [376, 377, 380, 383, 384, 385, 396, 397, 398, 409, 410, 411, 422, 423, 424, 432, 433, 443, 444, 445, 453, 454, 455, 458, 459, 466], "summary": {"covered_lines": 26, "num_statements": 26, "percent_covered": 100.0, "percent_covered_display": "100", "missing_lines": 0, "excluded_lines": 0}, "missing_lines": [], "excluded_lines": []}, "get_health_status": {"executed_lines": [476], "summary": {"covered_lines": 1, "num_statements": 1, "percent_covered": 100.0, "percent_covered_display": "100", "missing_lines": 0, "excluded_lines": 0}, "missing_lines": [], "excluded_lines": []}, "check_system_alerts": {"executed_lines": [481], "summary": {"covered_lines": 1, "num_statements": 1, "percent_covered": 100.0, "percent_covered_display": "100", "missing_lines": 0, "excluded_lines": 0}, "missing_lines": [], "excluded_lines": []}, "": {"executed_lines": [1, 5, 6, 7, 8, 9, 10, 11, 13, 14, 15, 22, 25, 26, 28, 32, 44, 87, 141, 178, 213, 282, 360, 361, 363, 374, 470, 471, 474, 479], "summary": {"covered_lines": 27, "num_statements": 27, "percent_covered": 100.0, "percent_covered_display": "100", "missing_lines": 0, "excluded_lines": 0}, "missing_lines": [], "excluded_lines": []}}, "classes": {"SystemMonitor": {"executed_lines": [29, 30, 34, 35, 38, 39, 40, 41, 42, 46, 54, 55, 58, 59, 62, 63, 66, 67, 70, 71, 74, 77, 78, 79, 80, 83, 85, 89, 90, 91, 121, 126, 127, 128, 143, 144, 150, 151, 153, 154, 155, 158, 159, 160, 162, 180, 181, 187, 189, 190, 191, 192, 195, 196, 198, 205, 206, 207, 215, 217, 218, 221, 224, 227, 230, 231, 233, 273, 274, 275, 277, 278, 279, 280, 284, 285, 288, 333, 334, 336, 337, 339, 347, 354, 355, 356, 357], "summary": {"covered_lines": 87, "num_statements": 113, "percent_covered": 76.99115044247787, "percent_covered_display": "77", "missing_lines": 26, "excluded_lines": 0}, "missing_lines": [93, 96, 97, 105, 106, 109, 110, 112, 133, 134, 135, 170, 171, 172, 290, 299, 302, 311, 314, 323, 325, 343, 344, 348, 349, 350], "excluded_lines": []}, "AlertManager": {"executed_lines": [364, 365, 372, 376, 377, 380, 383, 384, 385, 396, 397, 398, 409, 410, 411, 422, 423, 424, 432, 433, 443, 444, 445, 453, 454, 455, 458, 459, 466], "summary": {"covered_lines": 29, "num_statements": 29, "percent_covered": 100.0, "percent_covered_display": "100", "missing_lines": 0, "excluded_lines": 0}, "missing_lines": [], "excluded_lines": []}, "": {"executed_lines": [1, 5, 6, 7, 8, 9, 10, 11, 13, 14, 15, 22, 25, 26, 28, 32, 44, 87, 141, 178, 213, 282, 360, 361, 363, 374, 470, 471, 474, 476, 479, 481], "summary": {"covered_lines": 29, "num_statements": 29, "percent_covered": 100.0, "percent_covered_display": "100", "missing_lines": 0, "excluded_lines": 0}, "missing_lines": [], "excluded_lines": []}}}, "src\\jd_ingestion\\utils\\operational_transform.py": {"executed_lines": [1, 12, 13, 16, 17, 19, 20, 21, 24, 25, 34, 43, 44, 45, 46, 47, 48, 50, 65, 66, 68, 77, 86, 97, 98, 99, 100, 102, 103, 104, 105, 110, 256, 297, 321, 332, 333, 334, 336, 337, 338, 339, 348, 353], "summary": {"covered_lines": 41, "num_statements": 117, "percent_covered": 35.042735042735046, "percent_covered_display": "35", "missing_lines": 76, "excluded_lines": 0}, "missing_lines": [52, 53, 54, 55, 56, 57, 58, 59, 60, 61, 62, 63, 78, 79, 80, 81, 83, 107, 129, 130, 131, 133, 135, 140, 143, 148, 151, 152, 153, 154, 156, 158, 163, 164, 166, 171, 175, 180, 183, 185, 188, 191, 192, 193, 194, 195, 197, 199, 204, 205, 207, 212, 216, 217, 219, 220, 222, 224, 230, 236, 238, 244, 250, 253, 271, 276, 283, 291, 294, 313, 315, 316, 318, 345, 350, 355], "excluded_lines": [], "functions": {"Operation.__init__": {"executed_lines": [43, 44, 45, 46, 47, 48], "summary": {"covered_lines": 6, "num_statements": 6, "percent_covered": 100.0, "percent_covered_display": "100", "missing_lines": 0, "excluded_lines": 0}, "missing_lines": [], "excluded_lines": []}, "Operation.to_dict": {"executed_lines": [], "summary": {"covered_lines": 0, "num_statements": 12, "percent_covered": 0.0, "percent_covered_display": "0", "missing_lines": 12, "excluded_lines": 0}, "missing_lines": [52, 53, 54, 55, 56, 57, 58, 59, 60, 61, 62, 63], "excluded_lines": []}, "Operation.from_dict": {"executed_lines": [68], "summary": {"covered_lines": 1, "num_statements": 1, "percent_covered": 100.0, "percent_covered_display": "100", "missing_lines": 0, "excluded_lines": 0}, "missing_lines": [], "excluded_lines": []}, "Operation.__repr__": {"executed_lines": [], "summary": {"covered_lines": 0, "num_statements": 5, "percent_covered": 0.0, "percent_covered_display": "0", "missing_lines": 5, "excluded_lines": 0}, "missing_lines": [78, 79, 80, 81, 83], "excluded_lines": []}, "apply_operation": {"executed_lines": [97, 98, 99, 100, 102, 103, 104, 105], "summary": {"covered_lines": 8, "num_statements": 9, "percent_covered": 88.88888888888889, "percent_covered_display": "89", "missing_lines": 1, "excluded_lines": 0}, "missing_lines": [107], "excluded_lines": []}, "transform_operations": {"executed_lines": [], "summary": {"covered_lines": 0, "num_statements": 46, "percent_covered": 0.0, "percent_covered_display": "0", "missing_lines": 46, "excluded_lines": 0}, "missing_lines": [129, 130, 131, 133, 135, 140, 143, 148, 151, 152, 153, 154, 156, 158, 163, 164, 166, 171, 175, 180, 183, 185, 188, 191, 192, 193, 194, 195, 197, 199, 204, 205, 207, 212, 216, 217, 219, 220, 222, 224, 230, 236, 238, 244, 250, 253], "excluded_lines": []}, "compose_operations": {"executed_lines": [], "summary": {"covered_lines": 0, "num_statements": 5, "percent_covered": 0.0, "percent_covered_display": "0", "missing_lines": 5, "excluded_lines": 0}, "missing_lines": [271, 276, 283, 291, 294], "excluded_lines": []}, "transform_against_history": {"executed_lines": [], "summary": {"covered_lines": 0, "num_statements": 4, "percent_covered": 0.0, "percent_covered_display": "0", "missing_lines": 4, "excluded_lines": 0}, "missing_lines": [313, 315, 316, 318], "excluded_lines": []}, "validate_operation": {"executed_lines": [332, 333, 334, 336, 337, 338, 339], "summary": {"covered_lines": 7, "num_statements": 8, "percent_covered": 87.5, "percent_covered_display": "88", "missing_lines": 1, "excluded_lines": 0}, "missing_lines": [345], "excluded_lines": []}, "create_insert_operation": {"executed_lines": [], "summary": {"covered_lines": 0, "num_statements": 1, "percent_covered": 0.0, "percent_covered_display": "0", "missing_lines": 1, "excluded_lines": 0}, "missing_lines": [350], "excluded_lines": []}, "create_delete_operation": {"executed_lines": [], "summary": {"covered_lines": 0, "num_statements": 1, "percent_covered": 0.0, "percent_covered_display": "0", "missing_lines": 1, "excluded_lines": 0}, "missing_lines": [355], "excluded_lines": []}, "": {"executed_lines": [1, 12, 13, 16, 17, 19, 20, 21, 24, 25, 34, 50, 65, 66, 77, 86, 110, 256, 297, 321, 348, 353], "summary": {"covered_lines": 19, "num_statements": 19, "percent_covered": 100.0, "percent_covered_display": "100", "missing_lines": 0, "excluded_lines": 0}, "missing_lines": [], "excluded_lines": []}}, "classes": {"OperationType": {"executed_lines": [], "summary": {"covered_lines": 0, "num_statements": 0, "percent_covered": 100.0, "percent_covered_display": "100", "missing_lines": 0, "excluded_lines": 0}, "missing_lines": [], "excluded_lines": []}, "Operation": {"executed_lines": [43, 44, 45, 46, 47, 48, 68], "summary": {"covered_lines": 7, "num_statements": 24, "percent_covered": 29.166666666666668, "percent_covered_display": "29", "missing_lines": 17, "excluded_lines": 0}, "missing_lines": [52, 53, 54, 55, 56, 57, 58, 59, 60, 61, 62, 63, 78, 79, 80, 81, 83], "excluded_lines": []}, "": {"executed_lines": [1, 12, 13, 16, 17, 19, 20, 21, 24, 25, 34, 50, 65, 66, 77, 86, 97, 98, 99, 100, 102, 103, 104, 105, 110, 256, 297, 321, 332, 333, 334, 336, 337, 338, 339, 348, 353], "summary": {"covered_lines": 34, "num_statements": 93, "percent_covered": 36.55913978494624, "percent_covered_display": "37", "missing_lines": 59, "excluded_lines": 0}, "missing_lines": [107, 129, 130, 131, 133, 135, 140, 143, 148, 151, 152, 153, 154, 156, 158, 163, 164, 166, 171, 175, 180, 183, 185, 188, 191, 192, 193, 194, 195, 197, 199, 204, 205, 207, 212, 216, 217, 219, 220, 222, 224, 230, 236, 238, 244, 250, 253, 271, 276, 283, 291, 294, 313, 315, 316, 318, 345, 350, 355], "excluded_lines": []}}}, "src\\jd_ingestion\\utils\\retry_utils.py": {"executed_lines": [1, 9, 20, 28, 29, 32, 40, 41, 44, 45, 66, 67, 68, 71], "summary": {"covered_lines": 13, "num_statements": 13, "percent_covered": 100.0, "percent_covered_display": "100", "missing_lines": 0, "excluded_lines": 0}, "missing_lines": [], "excluded_lines": [], "functions": {"is_retryable_error": {"executed_lines": [20, 28, 29, 32, 40, 41, 44, 45, 66, 67, 68, 71], "summary": {"covered_lines": 12, "num_statements": 12, "percent_covered": 100.0, "percent_covered_display": "100", "missing_lines": 0, "excluded_lines": 0}, "missing_lines": [], "excluded_lines": []}, "": {"executed_lines": [1, 9], "summary": {"covered_lines": 1, "num_statements": 1, "percent_covered": 100.0, "percent_covered_display": "100", "missing_lines": 0, "excluded_lines": 0}, "missing_lines": [], "excluded_lines": []}}, "classes": {"": {"executed_lines": [1, 9, 20, 28, 29, 32, 40, 41, 44, 45, 66, 67, 68, 71], "summary": {"covered_lines": 13, "num_statements": 13, "percent_covered": 100.0, "percent_covered_display": "100", "missing_lines": 0, "excluded_lines": 0}, "missing_lines": [], "excluded_lines": []}}}}, "totals": {"covered_lines": 7056, "num_statements": 10518, "percent_covered": 67.08499714774672, "percent_covered_display": "67", "missing_lines": 3462, "excluded_lines": 3}}
