
Running 1 test using 1 worker

[1A[2K[1/1] [chromium] â€º tests\accessibility-performance.spec.ts:35:3 â€º Accessibility Tests â€º should have proper heading structure
[1A[2K[chromium] â€º tests\accessibility-performance.spec.ts:35:3 â€º Accessibility Tests â€º should have proper heading structure
[BROWSER ERROR]: %o

%s

%s
 TypeError: Cannot read properties of undefined (reading 'completed')
    at StatisticsCards (http://localhost:3006/src/components/dashboard/DashboardSidebar.tsx?t=1760613217535:260:38)
    at Object.react_stack_bottom_frame (http://localhost:3006/node_modules/.vite/deps/react-dom_client.js?v=1b7a85a5:18509:20)
    at renderWithHooks (http://localhost:3006/node_modules/.vite/deps/react-dom_client.js?v=1b7a85a5:5654:24)
    at updateFunctionComponent (http://localhost:3006/node_modules/.vite/deps/react-dom_client.js?v=1b7a85a5:7475:21)
    at beginWork (http://localhost:3006/node_modules/.vite/deps/react-dom_client.js?v=1b7a85a5:8525:20)
    at runWithFiberInDEV (http://localhost:3006/node_modules/.vite/deps/react-dom_client.js?v=1b7a85a5:997:72)
    at performUnitOfWork (http://localhost:3006/node_modules/.vite/deps/react-dom_client.js?v=1b7a85a5:12561:98)
    at workLoopSync (http://localhost:3006/node_modules/.vite/deps/react-dom_client.js?v=1b7a85a5:12424:43)
    at renderRootSync (http://localhost:3006/node_modules/.vite/deps/react-dom_client.js?v=1b7a85a5:12408:13)
    at performWorkOnRoot (http://localhost:3006/node_modules/.vite/deps/react-dom_client.js?v=1b7a85a5:11827:37) The above error occurred in the <StatisticsCards> component. React will try to recreate this component tree from scratch using the error boundary you provided, ErrorBoundary.

[1A[2K[BROWSER ERROR]: [2025-10-16T11:18:37.590Z] [ERROR] ErrorBoundary caught an error: {message: Cannot read properties of undefined (reading 'completed'), stack: TypeError: Cannot read properties of undefined (reâ€¦ite/deps/react-dom_client.js?v=1b7a85a5:11827:37), componentStack:
    at StatisticsCards (http://localhost:3006/srcâ€¦host:3006/src/app/page.tsx?t=1760613217535:88:39)}

[1A[2K[BROWSER ERROR]: [2025-10-16T11:18:37.590Z] [ERROR] Unhandled error: {message: Cannot read properties of undefined (reading 'completed'), stack: TypeError: Cannot read properties of undefined (reâ€¦ite/deps/react-dom_client.js?v=1b7a85a5:11827:37), componentStack:
    at StatisticsCards (http://localhost:3006/srcâ€¦host:3006/src/app/page.tsx?t=1760613217535:88:39)}

[1A[2K[BROWSER ERROR]: Fix any of the following:
  Some page content is not contained by landmarks

[1A[2K[BROWSER ERROR]: Fix any of the following:
  Some page content is not contained by landmarks

[1A[2K[BROWSER ERROR]: Fix any of the following:
  Some page content is not contained by landmarks

[1A[2K[BROWSER ERROR]: Fix any of the following:
  Some page content is not contained by landmarks

[1A[2K  1) [chromium] â€º tests\accessibility-performance.spec.ts:35:3 â€º Accessibility Tests â€º should have proper heading structure

    TimeoutError: page.waitForSelector: Timeout 10000ms exceeded.
    Call log:
    [2m  - waiting for locator('main h1') to be visible[22m


      35 |   test("should have proper heading structure", async ({ page }) => {
      36 |     // Wait for React to render content (Dashboard loads by default)
    > 37 |     await page.waitForSelector("main h1", { timeout: 10000 });
         |                ^
      38 |
      39 |     // Check main content heading (first visible h1 in main content area)
      40 |     const mainH1 = page.locator("main h1").first();
        at C:\JDDB\tests\accessibility-performance.spec.ts:37:16

    attachment #1: screenshot (image/png) â”€â”€â”€â”€â”€â”€â”€â”€â”€â”€â”€â”€â”€â”€â”€â”€â”€â”€â”€â”€â”€â”€â”€â”€â”€â”€â”€â”€â”€â”€â”€â”€â”€â”€â”€â”€â”€â”€â”€â”€â”€â”€â”€â”€â”€â”€â”€â”€â”€â”€â”€â”€â”€â”€â”€â”€â”€â”€
    test-results\accessibility-performance--8c164-ve-proper-heading-structure-chromium\test-failed-1.png
    â”€â”€â”€â”€â”€â”€â”€â”€â”€â”€â”€â”€â”€â”€â”€â”€â”€â”€â”€â”€â”€â”€â”€â”€â”€â”€â”€â”€â”€â”€â”€â”€â”€â”€â”€â”€â”€â”€â”€â”€â”€â”€â”€â”€â”€â”€â”€â”€â”€â”€â”€â”€â”€â”€â”€â”€â”€â”€â”€â”€â”€â”€â”€â”€â”€â”€â”€â”€â”€â”€â”€â”€â”€â”€â”€â”€â”€â”€â”€â”€â”€â”€â”€â”€â”€â”€â”€â”€â”€â”€â”€â”€â”€â”€â”€â”€

    attachment #2: video (video/webm) â”€â”€â”€â”€â”€â”€â”€â”€â”€â”€â”€â”€â”€â”€â”€â”€â”€â”€â”€â”€â”€â”€â”€â”€â”€â”€â”€â”€â”€â”€â”€â”€â”€â”€â”€â”€â”€â”€â”€â”€â”€â”€â”€â”€â”€â”€â”€â”€â”€â”€â”€â”€â”€â”€â”€â”€â”€â”€â”€â”€â”€â”€
    test-results\accessibility-performance--8c164-ve-proper-heading-structure-chromium\video.webm
    â”€â”€â”€â”€â”€â”€â”€â”€â”€â”€â”€â”€â”€â”€â”€â”€â”€â”€â”€â”€â”€â”€â”€â”€â”€â”€â”€â”€â”€â”€â”€â”€â”€â”€â”€â”€â”€â”€â”€â”€â”€â”€â”€â”€â”€â”€â”€â”€â”€â”€â”€â”€â”€â”€â”€â”€â”€â”€â”€â”€â”€â”€â”€â”€â”€â”€â”€â”€â”€â”€â”€â”€â”€â”€â”€â”€â”€â”€â”€â”€â”€â”€â”€â”€â”€â”€â”€â”€â”€â”€â”€â”€â”€â”€â”€â”€

    Error Context: test-results\accessibility-performance--8c164-ve-proper-heading-structure-chromium\error-context.md


[1A[2K  1 failed
    [chromium] â€º tests\accessibility-performance.spec.ts:35:3 â€º Accessibility Tests â€º should have proper heading structure

[36m  Serving HTML report at http://localhost:54962. Press Ctrl+C to quit.[39m
